-------------------------------------------------------------------------------
Test set: org.bahmni.reports.report.integrationtests.DrugOrderReportTest
-------------------------------------------------------------------------------
Tests run: 1, Failures: 0, Errors: 1, Skipped: 0, Time elapsed: 0.001 sec <<< FAILURE! - in org.bahmni.reports.report.integrationtests.DrugOrderReportTest
shouldRetrieveDrugOrderReportWithFourteenColmns(org.bahmni.reports.report.integrationtests.DrugOrderReportTest)  Time elapsed: 0 sec  <<< ERROR!
java.lang.NullPointerException: null
	at org.bahmni.reports.BahmniReportsProperties.getOpenmrsUrl(BahmniReportsProperties.java:63)
	at org.bahmni.reports.report.integrationtests.BaseIntegrationTest.getRuntimeProperties(BaseIntegrationTest.java:132)
	at org.openmrs.test.BaseContextSensitiveTest.<init>(BaseContextSensitiveTest.java:185)
	at org.bahmni.reports.report.integrationtests.BaseIntegrationTest.<init>(BaseIntegrationTest.java:91)
	at org.bahmni.reports.report.integrationtests.DrugOrderReportTest.<init>(DrugOrderReportTest.java:13)

