-------------------------------------------------------------------------------
Test set: org.bahmni.reports.report.GenericObservationReportTest
-------------------------------------------------------------------------------
Tests run: 71, Failures: 0, Errors: 71, Skipped: 0, Time elapsed: 0.694 sec <<< FAILURE! - in org.bahmni.reports.report.GenericObservationReportTest
shouldFilterByConceptClassesAndLocationTags(org.bahmni.reports.report.GenericObservationReportTest)  Time elapsed: 0 sec  <<< ERROR!
java.lang.NullPointerException: null
	at org.bahmni.reports.BahmniReportsProperties.getOpenmrsUrl(BahmniReportsProperties.java:63)
	at org.bahmni.reports.report.integrationtests.BaseIntegrationTest.getRuntimeProperties(BaseIntegrationTest.java:132)
	at org.openmrs.test.BaseContextSensitiveTest.<init>(BaseContextSensitiveTest.java:185)
	at org.bahmni.reports.report.integrationtests.BaseIntegrationTest.<init>(BaseIntegrationTest.java:87)
	at org.bahmni.reports.report.GenericObservationReportTest.<init>(GenericObservationReportTest.java:24)

shouldIgnoreTheColumnsWhichAreNotPresentInReport(org.bahmni.reports.report.GenericObservationReportTest)  Time elapsed: 0 sec  <<< ERROR!
java.lang.NullPointerException: null
	at org.bahmni.reports.BahmniReportsProperties.getOpenmrsUrl(BahmniReportsProperties.java:63)
	at org.bahmni.reports.report.integrationtests.BaseIntegrationTest.getRuntimeProperties(BaseIntegrationTest.java:132)
	at org.openmrs.test.BaseContextSensitiveTest.<init>(BaseContextSensitiveTest.java:185)
	at org.bahmni.reports.report.integrationtests.BaseIntegrationTest.<init>(BaseIntegrationTest.java:87)
	at org.bahmni.reports.report.GenericObservationReportTest.<init>(GenericObservationReportTest.java:24)

shouldFilterByLocationTags(org.bahmni.reports.report.GenericObservationReportTest)  Time elapsed: 0 sec  <<< ERROR!
java.lang.NullPointerException: null
	at org.bahmni.reports.BahmniReportsProperties.getOpenmrsUrl(BahmniReportsProperties.java:63)
	at org.bahmni.reports.report.integrationtests.BaseIntegrationTest.getRuntimeProperties(BaseIntegrationTest.java:132)
	at org.openmrs.test.BaseContextSensitiveTest.<init>(BaseContextSensitiveTest.java:185)
	at org.bahmni.reports.report.integrationtests.BaseIntegrationTest.<init>(BaseIntegrationTest.java:87)
	at org.bahmni.reports.report.GenericObservationReportTest.<init>(GenericObservationReportTest.java:24)

shouldShowFullySpecifiedAndShortNameOfConceptIfConfiguredInEncounterPerRow(org.bahmni.reports.report.GenericObservationReportTest)  Time elapsed: 0 sec  <<< ERROR!
java.lang.NullPointerException: null
	at org.bahmni.reports.BahmniReportsProperties.getOpenmrsUrl(BahmniReportsProperties.java:63)
	at org.bahmni.reports.report.integrationtests.BaseIntegrationTest.getRuntimeProperties(BaseIntegrationTest.java:132)
	at org.openmrs.test.BaseContextSensitiveTest.<init>(BaseContextSensitiveTest.java:185)
	at org.bahmni.reports.report.integrationtests.BaseIntegrationTest.<init>(BaseIntegrationTest.java:87)
	at org.bahmni.reports.report.GenericObservationReportTest.<init>(GenericObservationReportTest.java:24)

shouldFilterOutEmptyValuesWhenIgnoreEmptyValuesIsTrue(org.bahmni.reports.report.GenericObservationReportTest)  Time elapsed: 0 sec  <<< ERROR!
java.lang.NullPointerException: null
	at org.bahmni.reports.BahmniReportsProperties.getOpenmrsUrl(BahmniReportsProperties.java:63)
	at org.bahmni.reports.report.integrationtests.BaseIntegrationTest.getRuntimeProperties(BaseIntegrationTest.java:132)
	at org.openmrs.test.BaseContextSensitiveTest.<init>(BaseContextSensitiveTest.java:185)
	at org.bahmni.reports.report.integrationtests.BaseIntegrationTest.<init>(BaseIntegrationTest.java:87)
	at org.bahmni.reports.report.GenericObservationReportTest.<init>(GenericObservationReportTest.java:24)

shouldFilterByProgramsAndLocationTags(org.bahmni.reports.report.GenericObservationReportTest)  Time elapsed: 0 sec  <<< ERROR!
java.lang.NullPointerException: null
	at org.bahmni.reports.BahmniReportsProperties.getOpenmrsUrl(BahmniReportsProperties.java:63)
	at org.bahmni.reports.report.integrationtests.BaseIntegrationTest.getRuntimeProperties(BaseIntegrationTest.java:132)
	at org.openmrs.test.BaseContextSensitiveTest.<init>(BaseContextSensitiveTest.java:185)
	at org.bahmni.reports.report.integrationtests.BaseIntegrationTest.<init>(BaseIntegrationTest.java:87)
	at org.bahmni.reports.report.GenericObservationReportTest.<init>(GenericObservationReportTest.java:24)

shouldFilterByConceptNamesAndClass(org.bahmni.reports.report.GenericObservationReportTest)  Time elapsed: 0 sec  <<< ERROR!
java.lang.NullPointerException: null
	at org.bahmni.reports.BahmniReportsProperties.getOpenmrsUrl(BahmniReportsProperties.java:63)
	at org.bahmni.reports.report.integrationtests.BaseIntegrationTest.getRuntimeProperties(BaseIntegrationTest.java:132)
	at org.openmrs.test.BaseContextSensitiveTest.<init>(BaseContextSensitiveTest.java:185)
	at org.bahmni.reports.report.integrationtests.BaseIntegrationTest.<init>(BaseIntegrationTest.java:87)
	at org.bahmni.reports.report.GenericObservationReportTest.<init>(GenericObservationReportTest.java:24)

shouldFetchAllDataInOneRowPerEncounter(org.bahmni.reports.report.GenericObservationReportTest)  Time elapsed: 0 sec  <<< ERROR!
java.lang.NullPointerException: null
	at org.bahmni.reports.BahmniReportsProperties.getOpenmrsUrl(BahmniReportsProperties.java:63)
	at org.bahmni.reports.report.integrationtests.BaseIntegrationTest.getRuntimeProperties(BaseIntegrationTest.java:132)
	at org.openmrs.test.BaseContextSensitiveTest.<init>(BaseContextSensitiveTest.java:185)
	at org.bahmni.reports.report.integrationtests.BaseIntegrationTest.<init>(BaseIntegrationTest.java:87)
	at org.bahmni.reports.report.GenericObservationReportTest.<init>(GenericObservationReportTest.java:24)

shouldShowFullySpecifiedAndShortNameOfConceptByDefault(org.bahmni.reports.report.GenericObservationReportTest)  Time elapsed: 0 sec  <<< ERROR!
java.lang.NullPointerException: null
	at org.bahmni.reports.BahmniReportsProperties.getOpenmrsUrl(BahmniReportsProperties.java:63)
	at org.bahmni.reports.report.integrationtests.BaseIntegrationTest.getRuntimeProperties(BaseIntegrationTest.java:132)
	at org.openmrs.test.BaseContextSensitiveTest.<init>(BaseContextSensitiveTest.java:185)
	at org.bahmni.reports.report.integrationtests.BaseIntegrationTest.<init>(BaseIntegrationTest.java:87)
	at org.bahmni.reports.report.GenericObservationReportTest.<init>(GenericObservationReportTest.java:24)

shouldExcludeSpecifiedFromVisitAttributeColumns(org.bahmni.reports.report.GenericObservationReportTest)  Time elapsed: 0 sec  <<< ERROR!
java.lang.NullPointerException: null
	at org.bahmni.reports.BahmniReportsProperties.getOpenmrsUrl(BahmniReportsProperties.java:63)
	at org.bahmni.reports.report.integrationtests.BaseIntegrationTest.getRuntimeProperties(BaseIntegrationTest.java:132)
	at org.openmrs.test.BaseContextSensitiveTest.<init>(BaseContextSensitiveTest.java:185)
	at org.bahmni.reports.report.integrationtests.BaseIntegrationTest.<init>(BaseIntegrationTest.java:87)
	at org.bahmni.reports.report.GenericObservationReportTest.<init>(GenericObservationReportTest.java:24)

shouldShowPatientAddressIfConfigured(org.bahmni.reports.report.GenericObservationReportTest)  Time elapsed: 0 sec  <<< ERROR!
java.lang.NullPointerException: null
	at org.bahmni.reports.BahmniReportsProperties.getOpenmrsUrl(BahmniReportsProperties.java:63)
	at org.bahmni.reports.report.integrationtests.BaseIntegrationTest.getRuntimeProperties(BaseIntegrationTest.java:132)
	at org.openmrs.test.BaseContextSensitiveTest.<init>(BaseContextSensitiveTest.java:185)
	at org.bahmni.reports.report.integrationtests.BaseIntegrationTest.<init>(BaseIntegrationTest.java:87)
	at org.bahmni.reports.report.GenericObservationReportTest.<init>(GenericObservationReportTest.java:24)

shouldNotIncludeExcludedColumnsEvenThoughTheyAreConfiguredInColumnsOrder(org.bahmni.reports.report.GenericObservationReportTest)  Time elapsed: 0 sec  <<< ERROR!
java.lang.NullPointerException: null
	at org.bahmni.reports.BahmniReportsProperties.getOpenmrsUrl(BahmniReportsProperties.java:63)
	at org.bahmni.reports.report.integrationtests.BaseIntegrationTest.getRuntimeProperties(BaseIntegrationTest.java:132)
	at org.openmrs.test.BaseContextSensitiveTest.<init>(BaseContextSensitiveTest.java:185)
	at org.bahmni.reports.report.integrationtests.BaseIntegrationTest.<init>(BaseIntegrationTest.java:87)
	at org.bahmni.reports.report.GenericObservationReportTest.<init>(GenericObservationReportTest.java:24)

shouldFilterByConceptNamesAndConceptClassesAndLocationTags(org.bahmni.reports.report.GenericObservationReportTest)  Time elapsed: 0 sec  <<< ERROR!
java.lang.NullPointerException: null
	at org.bahmni.reports.BahmniReportsProperties.getOpenmrsUrl(BahmniReportsProperties.java:63)
	at org.bahmni.reports.report.integrationtests.BaseIntegrationTest.getRuntimeProperties(BaseIntegrationTest.java:132)
	at org.openmrs.test.BaseContextSensitiveTest.<init>(BaseContextSensitiveTest.java:185)
	at org.bahmni.reports.report.integrationtests.BaseIntegrationTest.<init>(BaseIntegrationTest.java:87)
	at org.bahmni.reports.report.GenericObservationReportTest.<init>(GenericObservationReportTest.java:24)

shouldFilterObservationReportWithMultiRangesAndTextFilter(org.bahmni.reports.report.GenericObservationReportTest)  Time elapsed: 0 sec  <<< ERROR!
java.lang.NullPointerException: null
	at org.bahmni.reports.BahmniReportsProperties.getOpenmrsUrl(BahmniReportsProperties.java:63)
	at org.bahmni.reports.report.integrationtests.BaseIntegrationTest.getRuntimeProperties(BaseIntegrationTest.java:132)
	at org.openmrs.test.BaseContextSensitiveTest.<init>(BaseContextSensitiveTest.java:185)
	at org.bahmni.reports.report.integrationtests.BaseIntegrationTest.<init>(BaseIntegrationTest.java:87)
	at org.bahmni.reports.report.GenericObservationReportTest.<init>(GenericObservationReportTest.java:24)

shouldExcludeDataAnalysisColumns(org.bahmni.reports.report.GenericObservationReportTest)  Time elapsed: 0 sec  <<< ERROR!
java.lang.NullPointerException: null
	at org.bahmni.reports.BahmniReportsProperties.getOpenmrsUrl(BahmniReportsProperties.java:63)
	at org.bahmni.reports.report.integrationtests.BaseIntegrationTest.getRuntimeProperties(BaseIntegrationTest.java:132)
	at org.openmrs.test.BaseContextSensitiveTest.<init>(BaseContextSensitiveTest.java:185)
	at org.bahmni.reports.report.integrationtests.BaseIntegrationTest.<init>(BaseIntegrationTest.java:87)
	at org.bahmni.reports.report.GenericObservationReportTest.<init>(GenericObservationReportTest.java:24)

shouldFetchOneConceptPerRow(org.bahmni.reports.report.GenericObservationReportTest)  Time elapsed: 0 sec  <<< ERROR!
java.lang.NullPointerException: null
	at org.bahmni.reports.BahmniReportsProperties.getOpenmrsUrl(BahmniReportsProperties.java:63)
	at org.bahmni.reports.report.integrationtests.BaseIntegrationTest.getRuntimeProperties(BaseIntegrationTest.java:132)
	at org.openmrs.test.BaseContextSensitiveTest.<init>(BaseContextSensitiveTest.java:185)
	at org.bahmni.reports.report.integrationtests.BaseIntegrationTest.<init>(BaseIntegrationTest.java:87)
	at org.bahmni.reports.report.GenericObservationReportTest.<init>(GenericObservationReportTest.java:24)

shouldHaveColumnsProvidedInTheOrderThatTheyHaveConfigured(org.bahmni.reports.report.GenericObservationReportTest)  Time elapsed: 0.001 sec  <<< ERROR!
java.lang.NullPointerException: null
	at org.bahmni.reports.BahmniReportsProperties.getOpenmrsUrl(BahmniReportsProperties.java:63)
	at org.bahmni.reports.report.integrationtests.BaseIntegrationTest.getRuntimeProperties(BaseIntegrationTest.java:132)
	at org.openmrs.test.BaseContextSensitiveTest.<init>(BaseContextSensitiveTest.java:185)
	at org.bahmni.reports.report.integrationtests.BaseIntegrationTest.<init>(BaseIntegrationTest.java:87)
	at org.bahmni.reports.report.GenericObservationReportTest.<init>(GenericObservationReportTest.java:24)

shouldApplyDateRangeFilterForObsCreatedDate(org.bahmni.reports.report.GenericObservationReportTest)  Time elapsed: 0.001 sec  <<< ERROR!
java.lang.NullPointerException: null
	at org.bahmni.reports.BahmniReportsProperties.getOpenmrsUrl(BahmniReportsProperties.java:63)
	at org.bahmni.reports.report.integrationtests.BaseIntegrationTest.getRuntimeProperties(BaseIntegrationTest.java:132)
	at org.openmrs.test.BaseContextSensitiveTest.<init>(BaseContextSensitiveTest.java:185)
	at org.bahmni.reports.report.integrationtests.BaseIntegrationTest.<init>(BaseIntegrationTest.java:87)
	at org.bahmni.reports.report.GenericObservationReportTest.<init>(GenericObservationReportTest.java:24)

shouldThrowExceptionIfInvalidColumnIsConfigured(org.bahmni.reports.report.GenericObservationReportTest)  Time elapsed: 0 sec  <<< ERROR!
java.lang.NullPointerException: null
	at org.bahmni.reports.BahmniReportsProperties.getOpenmrsUrl(BahmniReportsProperties.java:63)
	at org.bahmni.reports.report.integrationtests.BaseIntegrationTest.getRuntimeProperties(BaseIntegrationTest.java:132)
	at org.openmrs.test.BaseContextSensitiveTest.<init>(BaseContextSensitiveTest.java:185)
	at org.bahmni.reports.report.integrationtests.BaseIntegrationTest.<init>(BaseIntegrationTest.java:87)
	at org.bahmni.reports.report.GenericObservationReportTest.<init>(GenericObservationReportTest.java:24)

shouldShowFullySpecifiedNameWhenConceptDoesntHaveShortNameIfConfigured(org.bahmni.reports.report.GenericObservationReportTest)  Time elapsed: 0 sec  <<< ERROR!
java.lang.NullPointerException: null
	at org.bahmni.reports.BahmniReportsProperties.getOpenmrsUrl(BahmniReportsProperties.java:63)
	at org.bahmni.reports.report.integrationtests.BaseIntegrationTest.getRuntimeProperties(BaseIntegrationTest.java:132)
	at org.openmrs.test.BaseContextSensitiveTest.<init>(BaseContextSensitiveTest.java:185)
	at org.bahmni.reports.report.integrationtests.BaseIntegrationTest.<init>(BaseIntegrationTest.java:87)
	at org.bahmni.reports.report.GenericObservationReportTest.<init>(GenericObservationReportTest.java:24)

shouldShowShortNameOfConceptIfConfiguredInEncounterPerRow(org.bahmni.reports.report.GenericObservationReportTest)  Time elapsed: 0 sec  <<< ERROR!
java.lang.NullPointerException: null
	at org.bahmni.reports.BahmniReportsProperties.getOpenmrsUrl(BahmniReportsProperties.java:63)
	at org.bahmni.reports.report.integrationtests.BaseIntegrationTest.getRuntimeProperties(BaseIntegrationTest.java:132)
	at org.openmrs.test.BaseContextSensitiveTest.<init>(BaseContextSensitiveTest.java:185)
	at org.bahmni.reports.report.integrationtests.BaseIntegrationTest.<init>(BaseIntegrationTest.java:87)
	at org.bahmni.reports.report.GenericObservationReportTest.<init>(GenericObservationReportTest.java:24)

shouldFilterObservationWithRangeFilter(org.bahmni.reports.report.GenericObservationReportTest)  Time elapsed: 0 sec  <<< ERROR!
java.lang.NullPointerException: null
	at org.bahmni.reports.BahmniReportsProperties.getOpenmrsUrl(BahmniReportsProperties.java:63)
	at org.bahmni.reports.report.integrationtests.BaseIntegrationTest.getRuntimeProperties(BaseIntegrationTest.java:132)
	at org.openmrs.test.BaseContextSensitiveTest.<init>(BaseContextSensitiveTest.java:185)
	at org.bahmni.reports.report.integrationtests.BaseIntegrationTest.<init>(BaseIntegrationTest.java:87)
	at org.bahmni.reports.report.GenericObservationReportTest.<init>(GenericObservationReportTest.java:24)

shouldShowVisitInfoIfConfigured(org.bahmni.reports.report.GenericObservationReportTest)  Time elapsed: 0 sec  <<< ERROR!
java.lang.NullPointerException: null
	at org.bahmni.reports.BahmniReportsProperties.getOpenmrsUrl(BahmniReportsProperties.java:63)
	at org.bahmni.reports.report.integrationtests.BaseIntegrationTest.getRuntimeProperties(BaseIntegrationTest.java:132)
	at org.openmrs.test.BaseContextSensitiveTest.<init>(BaseContextSensitiveTest.java:185)
	at org.bahmni.reports.report.integrationtests.BaseIntegrationTest.<init>(BaseIntegrationTest.java:87)
	at org.bahmni.reports.report.GenericObservationReportTest.<init>(GenericObservationReportTest.java:24)

shouldShowExtraIdentifiersIfConfiguredInEncounterPerRow(org.bahmni.reports.report.GenericObservationReportTest)  Time elapsed: 0 sec  <<< ERROR!
java.lang.NullPointerException: null
	at org.bahmni.reports.BahmniReportsProperties.getOpenmrsUrl(BahmniReportsProperties.java:63)
	at org.bahmni.reports.report.integrationtests.BaseIntegrationTest.getRuntimeProperties(BaseIntegrationTest.java:132)
	at org.openmrs.test.BaseContextSensitiveTest.<init>(BaseContextSensitiveTest.java:185)
	at org.bahmni.reports.report.integrationtests.BaseIntegrationTest.<init>(BaseIntegrationTest.java:87)
	at org.bahmni.reports.report.GenericObservationReportTest.<init>(GenericObservationReportTest.java:24)

shouldFilterObservationReportWithMultiRangesFilter(org.bahmni.reports.report.GenericObservationReportTest)  Time elapsed: 0 sec  <<< ERROR!
java.lang.NullPointerException: null
	at org.bahmni.reports.BahmniReportsProperties.getOpenmrsUrl(BahmniReportsProperties.java:63)
	at org.bahmni.reports.report.integrationtests.BaseIntegrationTest.getRuntimeProperties(BaseIntegrationTest.java:132)
	at org.openmrs.test.BaseContextSensitiveTest.<init>(BaseContextSensitiveTest.java:185)
	at org.bahmni.reports.report.integrationtests.BaseIntegrationTest.<init>(BaseIntegrationTest.java:87)
	at org.bahmni.reports.report.GenericObservationReportTest.<init>(GenericObservationReportTest.java:24)

shouldApplyDateRangeFilterForVisitStartDate(org.bahmni.reports.report.GenericObservationReportTest)  Time elapsed: 0 sec  <<< ERROR!
java.lang.NullPointerException: null
	at org.bahmni.reports.BahmniReportsProperties.getOpenmrsUrl(BahmniReportsProperties.java:63)
	at org.bahmni.reports.report.integrationtests.BaseIntegrationTest.getRuntimeProperties(BaseIntegrationTest.java:132)
	at org.openmrs.test.BaseContextSensitiveTest.<init>(BaseContextSensitiveTest.java:185)
	at org.bahmni.reports.report.integrationtests.BaseIntegrationTest.<init>(BaseIntegrationTest.java:87)
	at org.bahmni.reports.report.GenericObservationReportTest.<init>(GenericObservationReportTest.java:24)

shouldFetchMandatoryColumnsIfEmptyConfigSpecified(org.bahmni.reports.report.GenericObservationReportTest)  Time elapsed: 0 sec  <<< ERROR!
java.lang.NullPointerException: null
	at org.bahmni.reports.BahmniReportsProperties.getOpenmrsUrl(BahmniReportsProperties.java:63)
	at org.bahmni.reports.report.integrationtests.BaseIntegrationTest.getRuntimeProperties(BaseIntegrationTest.java:132)
	at org.openmrs.test.BaseContextSensitiveTest.<init>(BaseContextSensitiveTest.java:185)
	at org.bahmni.reports.report.integrationtests.BaseIntegrationTest.<init>(BaseIntegrationTest.java:87)
	at org.bahmni.reports.report.GenericObservationReportTest.<init>(GenericObservationReportTest.java:24)

shouldFilterObservationReportWithEmptyFilter(org.bahmni.reports.report.GenericObservationReportTest)  Time elapsed: 0 sec  <<< ERROR!
java.lang.NullPointerException: null
	at org.bahmni.reports.BahmniReportsProperties.getOpenmrsUrl(BahmniReportsProperties.java:63)
	at org.bahmni.reports.report.integrationtests.BaseIntegrationTest.getRuntimeProperties(BaseIntegrationTest.java:132)
	at org.openmrs.test.BaseContextSensitiveTest.<init>(BaseContextSensitiveTest.java:185)
	at org.bahmni.reports.report.integrationtests.BaseIntegrationTest.<init>(BaseIntegrationTest.java:87)
	at org.bahmni.reports.report.GenericObservationReportTest.<init>(GenericObservationReportTest.java:24)

shouldFetchMandatoryColumnsIfNoConfigSpecified(org.bahmni.reports.report.GenericObservationReportTest)  Time elapsed: 0 sec  <<< ERROR!
java.lang.NullPointerException: null
	at org.bahmni.reports.BahmniReportsProperties.getOpenmrsUrl(BahmniReportsProperties.java:63)
	at org.bahmni.reports.report.integrationtests.BaseIntegrationTest.getRuntimeProperties(BaseIntegrationTest.java:132)
	at org.openmrs.test.BaseContextSensitiveTest.<init>(BaseContextSensitiveTest.java:185)
	at org.bahmni.reports.report.integrationtests.BaseIntegrationTest.<init>(BaseIntegrationTest.java:87)
	at org.bahmni.reports.report.GenericObservationReportTest.<init>(GenericObservationReportTest.java:24)

shouldFilterByVisitTypes(org.bahmni.reports.report.GenericObservationReportTest)  Time elapsed: 0.001 sec  <<< ERROR!
java.lang.NullPointerException: null
	at org.bahmni.reports.BahmniReportsProperties.getOpenmrsUrl(BahmniReportsProperties.java:63)
	at org.bahmni.reports.report.integrationtests.BaseIntegrationTest.getRuntimeProperties(BaseIntegrationTest.java:132)
	at org.openmrs.test.BaseContextSensitiveTest.<init>(BaseContextSensitiveTest.java:185)
	at org.bahmni.reports.report.integrationtests.BaseIntegrationTest.<init>(BaseIntegrationTest.java:87)
	at org.bahmni.reports.report.GenericObservationReportTest.<init>(GenericObservationReportTest.java:24)

shouldExcludeSpecifiedFromPatientAttributeColumns(org.bahmni.reports.report.GenericObservationReportTest)  Time elapsed: 0 sec  <<< ERROR!
java.lang.NullPointerException: null
	at org.bahmni.reports.BahmniReportsProperties.getOpenmrsUrl(BahmniReportsProperties.java:63)
	at org.bahmni.reports.report.integrationtests.BaseIntegrationTest.getRuntimeProperties(BaseIntegrationTest.java:132)
	at org.openmrs.test.BaseContextSensitiveTest.<init>(BaseContextSensitiveTest.java:185)
	at org.bahmni.reports.report.integrationtests.BaseIntegrationTest.<init>(BaseIntegrationTest.java:87)
	at org.bahmni.reports.report.GenericObservationReportTest.<init>(GenericObservationReportTest.java:24)

shouldFilterObservationReportWithTestNameAndResultFilter(org.bahmni.reports.report.GenericObservationReportTest)  Time elapsed: 0 sec  <<< ERROR!
java.lang.NullPointerException: null
	at org.bahmni.reports.BahmniReportsProperties.getOpenmrsUrl(BahmniReportsProperties.java:63)
	at org.bahmni.reports.report.integrationtests.BaseIntegrationTest.getRuntimeProperties(BaseIntegrationTest.java:132)
	at org.openmrs.test.BaseContextSensitiveTest.<init>(BaseContextSensitiveTest.java:185)
	at org.bahmni.reports.report.integrationtests.BaseIntegrationTest.<init>(BaseIntegrationTest.java:87)
	at org.bahmni.reports.report.GenericObservationReportTest.<init>(GenericObservationReportTest.java:24)

shouldShowDataAnalysisColumnsIfConfigured(org.bahmni.reports.report.GenericObservationReportTest)  Time elapsed: 0 sec  <<< ERROR!
java.lang.NullPointerException: null
	at org.bahmni.reports.BahmniReportsProperties.getOpenmrsUrl(BahmniReportsProperties.java:63)
	at org.bahmni.reports.report.integrationtests.BaseIntegrationTest.getRuntimeProperties(BaseIntegrationTest.java:132)
	at org.openmrs.test.BaseContextSensitiveTest.<init>(BaseContextSensitiveTest.java:185)
	at org.bahmni.reports.report.integrationtests.BaseIntegrationTest.<init>(BaseIntegrationTest.java:87)
	at org.bahmni.reports.report.GenericObservationReportTest.<init>(GenericObservationReportTest.java:24)

shouldExcludeProviderNameColumn(org.bahmni.reports.report.GenericObservationReportTest)  Time elapsed: 0 sec  <<< ERROR!
java.lang.NullPointerException: null
	at org.bahmni.reports.BahmniReportsProperties.getOpenmrsUrl(BahmniReportsProperties.java:63)
	at org.bahmni.reports.report.integrationtests.BaseIntegrationTest.getRuntimeProperties(BaseIntegrationTest.java:132)
	at org.openmrs.test.BaseContextSensitiveTest.<init>(BaseContextSensitiveTest.java:185)
	at org.bahmni.reports.report.integrationtests.BaseIntegrationTest.<init>(BaseIntegrationTest.java:87)
	at org.bahmni.reports.report.GenericObservationReportTest.<init>(GenericObservationReportTest.java:24)

shouldExcludeConceptColumns(org.bahmni.reports.report.GenericObservationReportTest)  Time elapsed: 0 sec  <<< ERROR!
java.lang.NullPointerException: null
	at org.bahmni.reports.BahmniReportsProperties.getOpenmrsUrl(BahmniReportsProperties.java:63)
	at org.bahmni.reports.report.integrationtests.BaseIntegrationTest.getRuntimeProperties(BaseIntegrationTest.java:132)
	at org.openmrs.test.BaseContextSensitiveTest.<init>(BaseContextSensitiveTest.java:185)
	at org.bahmni.reports.report.integrationtests.BaseIntegrationTest.<init>(BaseIntegrationTest.java:87)
	at org.bahmni.reports.report.GenericObservationReportTest.<init>(GenericObservationReportTest.java:24)

shouldFilterByProgramsAndConceptNameAndConceptClass(org.bahmni.reports.report.GenericObservationReportTest)  Time elapsed: 0.001 sec  <<< ERROR!
java.lang.NullPointerException: null
	at org.bahmni.reports.BahmniReportsProperties.getOpenmrsUrl(BahmniReportsProperties.java:63)
	at org.bahmni.reports.report.integrationtests.BaseIntegrationTest.getRuntimeProperties(BaseIntegrationTest.java:132)
	at org.openmrs.test.BaseContextSensitiveTest.<init>(BaseContextSensitiveTest.java:185)
	at org.bahmni.reports.report.integrationtests.BaseIntegrationTest.<init>(BaseIntegrationTest.java:87)
	at org.bahmni.reports.report.GenericObservationReportTest.<init>(GenericObservationReportTest.java:24)

shouldFilterObservationReportWithEmptyAndRangeAndTextValueFilter(org.bahmni.reports.report.GenericObservationReportTest)  Time elapsed: 0 sec  <<< ERROR!
java.lang.NullPointerException: null
	at org.bahmni.reports.BahmniReportsProperties.getOpenmrsUrl(BahmniReportsProperties.java:63)
	at org.bahmni.reports.report.integrationtests.BaseIntegrationTest.getRuntimeProperties(BaseIntegrationTest.java:132)
	at org.openmrs.test.BaseContextSensitiveTest.<init>(BaseContextSensitiveTest.java:185)
	at org.bahmni.reports.report.integrationtests.BaseIntegrationTest.<init>(BaseIntegrationTest.java:87)
	at org.bahmni.reports.report.GenericObservationReportTest.<init>(GenericObservationReportTest.java:24)

shouldFilterByProgramsAndConceptClassFilter(org.bahmni.reports.report.GenericObservationReportTest)  Time elapsed: 0 sec  <<< ERROR!
java.lang.NullPointerException: null
	at org.bahmni.reports.BahmniReportsProperties.getOpenmrsUrl(BahmniReportsProperties.java:63)
	at org.bahmni.reports.report.integrationtests.BaseIntegrationTest.getRuntimeProperties(BaseIntegrationTest.java:132)
	at org.openmrs.test.BaseContextSensitiveTest.<init>(BaseContextSensitiveTest.java:185)
	at org.bahmni.reports.report.integrationtests.BaseIntegrationTest.<init>(BaseIntegrationTest.java:87)
	at org.bahmni.reports.report.GenericObservationReportTest.<init>(GenericObservationReportTest.java:24)

shouldThrowExceptionIfInvalidSortOrderIsConfigured(org.bahmni.reports.report.GenericObservationReportTest)  Time elapsed: 0.001 sec  <<< ERROR!
java.lang.NullPointerException: null
	at org.bahmni.reports.BahmniReportsProperties.getOpenmrsUrl(BahmniReportsProperties.java:63)
	at org.bahmni.reports.report.integrationtests.BaseIntegrationTest.getRuntimeProperties(BaseIntegrationTest.java:132)
	at org.openmrs.test.BaseContextSensitiveTest.<init>(BaseContextSensitiveTest.java:185)
	at org.bahmni.reports.report.integrationtests.BaseIntegrationTest.<init>(BaseIntegrationTest.java:87)
	at org.bahmni.reports.report.GenericObservationReportTest.<init>(GenericObservationReportTest.java:24)

shouldFilterObservationReportWithMiniumRangeFilter(org.bahmni.reports.report.GenericObservationReportTest)  Time elapsed: 0 sec  <<< ERROR!
java.lang.NullPointerException: null
	at org.bahmni.reports.BahmniReportsProperties.getOpenmrsUrl(BahmniReportsProperties.java:63)
	at org.bahmni.reports.report.integrationtests.BaseIntegrationTest.getRuntimeProperties(BaseIntegrationTest.java:132)
	at org.openmrs.test.BaseContextSensitiveTest.<init>(BaseContextSensitiveTest.java:185)
	at org.bahmni.reports.report.integrationtests.BaseIntegrationTest.<init>(BaseIntegrationTest.java:87)
	at org.bahmni.reports.report.GenericObservationReportTest.<init>(GenericObservationReportTest.java:24)

shouldFilterObservationReportWithTextRangeFilter(org.bahmni.reports.report.GenericObservationReportTest)  Time elapsed: 0 sec  <<< ERROR!
java.lang.NullPointerException: null
	at org.bahmni.reports.BahmniReportsProperties.getOpenmrsUrl(BahmniReportsProperties.java:63)
	at org.bahmni.reports.report.integrationtests.BaseIntegrationTest.getRuntimeProperties(BaseIntegrationTest.java:132)
	at org.openmrs.test.BaseContextSensitiveTest.<init>(BaseContextSensitiveTest.java:185)
	at org.bahmni.reports.report.integrationtests.BaseIntegrationTest.<init>(BaseIntegrationTest.java:87)
	at org.bahmni.reports.report.GenericObservationReportTest.<init>(GenericObservationReportTest.java:24)

shouldApplyDateRangeFilterForVisitStopDate(org.bahmni.reports.report.GenericObservationReportTest)  Time elapsed: 0 sec  <<< ERROR!
java.lang.NullPointerException: null
	at org.bahmni.reports.BahmniReportsProperties.getOpenmrsUrl(BahmniReportsProperties.java:63)
	at org.bahmni.reports.report.integrationtests.BaseIntegrationTest.getRuntimeProperties(BaseIntegrationTest.java:132)
	at org.openmrs.test.BaseContextSensitiveTest.<init>(BaseContextSensitiveTest.java:185)
	at org.bahmni.reports.report.integrationtests.BaseIntegrationTest.<init>(BaseIntegrationTest.java:87)
	at org.bahmni.reports.report.GenericObservationReportTest.<init>(GenericObservationReportTest.java:24)

shouldFilterObservationReportWithMiniumRangeAndTextFilter(org.bahmni.reports.report.GenericObservationReportTest)  Time elapsed: 0 sec  <<< ERROR!
java.lang.NullPointerException: null
	at org.bahmni.reports.BahmniReportsProperties.getOpenmrsUrl(BahmniReportsProperties.java:63)
	at org.bahmni.reports.report.integrationtests.BaseIntegrationTest.getRuntimeProperties(BaseIntegrationTest.java:132)
	at org.openmrs.test.BaseContextSensitiveTest.<init>(BaseContextSensitiveTest.java:185)
	at org.bahmni.reports.report.integrationtests.BaseIntegrationTest.<init>(BaseIntegrationTest.java:87)
	at org.bahmni.reports.report.GenericObservationReportTest.<init>(GenericObservationReportTest.java:24)

shouldShowFullySpecifiedNameOfConceptIfConfigured(org.bahmni.reports.report.GenericObservationReportTest)  Time elapsed: 0 sec  <<< ERROR!
java.lang.NullPointerException: null
	at org.bahmni.reports.BahmniReportsProperties.getOpenmrsUrl(BahmniReportsProperties.java:63)
	at org.bahmni.reports.report.integrationtests.BaseIntegrationTest.getRuntimeProperties(BaseIntegrationTest.java:132)
	at org.openmrs.test.BaseContextSensitiveTest.<init>(BaseContextSensitiveTest.java:185)
	at org.bahmni.reports.report.integrationtests.BaseIntegrationTest.<init>(BaseIntegrationTest.java:87)
	at org.bahmni.reports.report.GenericObservationReportTest.<init>(GenericObservationReportTest.java:24)

shouldFilterObservationReportWithMaximumRangeAndTextFilter(org.bahmni.reports.report.GenericObservationReportTest)  Time elapsed: 0 sec  <<< ERROR!
java.lang.NullPointerException: null
	at org.bahmni.reports.BahmniReportsProperties.getOpenmrsUrl(BahmniReportsProperties.java:63)
	at org.bahmni.reports.report.integrationtests.BaseIntegrationTest.getRuntimeProperties(BaseIntegrationTest.java:132)
	at org.openmrs.test.BaseContextSensitiveTest.<init>(BaseContextSensitiveTest.java:185)
	at org.bahmni.reports.report.integrationtests.BaseIntegrationTest.<init>(BaseIntegrationTest.java:87)
	at org.bahmni.reports.report.GenericObservationReportTest.<init>(GenericObservationReportTest.java:24)

shouldShowFullySpecifiedNameAndShortNameIfConfigured(org.bahmni.reports.report.GenericObservationReportTest)  Time elapsed: 0 sec  <<< ERROR!
java.lang.NullPointerException: null
	at org.bahmni.reports.BahmniReportsProperties.getOpenmrsUrl(BahmniReportsProperties.java:63)
	at org.bahmni.reports.report.integrationtests.BaseIntegrationTest.getRuntimeProperties(BaseIntegrationTest.java:132)
	at org.openmrs.test.BaseContextSensitiveTest.<init>(BaseContextSensitiveTest.java:185)
	at org.bahmni.reports.report.integrationtests.BaseIntegrationTest.<init>(BaseIntegrationTest.java:87)
	at org.bahmni.reports.report.GenericObservationReportTest.<init>(GenericObservationReportTest.java:24)

shouldSortInAscendingOrderByDefaultIfSortOrderIsNotMentionedInConfig(org.bahmni.reports.report.GenericObservationReportTest)  Time elapsed: 0 sec  <<< ERROR!
java.lang.NullPointerException: null
	at org.bahmni.reports.BahmniReportsProperties.getOpenmrsUrl(BahmniReportsProperties.java:63)
	at org.bahmni.reports.report.integrationtests.BaseIntegrationTest.getRuntimeProperties(BaseIntegrationTest.java:132)
	at org.openmrs.test.BaseContextSensitiveTest.<init>(BaseContextSensitiveTest.java:185)
	at org.bahmni.reports.report.integrationtests.BaseIntegrationTest.<init>(BaseIntegrationTest.java:87)
	at org.bahmni.reports.report.GenericObservationReportTest.<init>(GenericObservationReportTest.java:24)

shouldShowExtraIdentifiersIfConfigured(org.bahmni.reports.report.GenericObservationReportTest)  Time elapsed: 0 sec  <<< ERROR!
java.lang.NullPointerException: null
	at org.bahmni.reports.BahmniReportsProperties.getOpenmrsUrl(BahmniReportsProperties.java:63)
	at org.bahmni.reports.report.integrationtests.BaseIntegrationTest.getRuntimeProperties(BaseIntegrationTest.java:132)
	at org.openmrs.test.BaseContextSensitiveTest.<init>(BaseContextSensitiveTest.java:185)
	at org.bahmni.reports.report.integrationtests.BaseIntegrationTest.<init>(BaseIntegrationTest.java:87)
	at org.bahmni.reports.report.GenericObservationReportTest.<init>(GenericObservationReportTest.java:24)

shouldFilterByConceptNamesAndLocationTags(org.bahmni.reports.report.GenericObservationReportTest)  Time elapsed: 0 sec  <<< ERROR!
java.lang.NullPointerException: null
	at org.bahmni.reports.BahmniReportsProperties.getOpenmrsUrl(BahmniReportsProperties.java:63)
	at org.bahmni.reports.report.integrationtests.BaseIntegrationTest.getRuntimeProperties(BaseIntegrationTest.java:132)
	at org.openmrs.test.BaseContextSensitiveTest.<init>(BaseContextSensitiveTest.java:185)
	at org.bahmni.reports.report.integrationtests.BaseIntegrationTest.<init>(BaseIntegrationTest.java:87)
	at org.bahmni.reports.report.GenericObservationReportTest.<init>(GenericObservationReportTest.java:24)

shouldExcludePatientAddressColumn(org.bahmni.reports.report.GenericObservationReportTest)  Time elapsed: 0.001 sec  <<< ERROR!
java.lang.NullPointerException: null
	at org.bahmni.reports.BahmniReportsProperties.getOpenmrsUrl(BahmniReportsProperties.java:63)
	at org.bahmni.reports.report.integrationtests.BaseIntegrationTest.getRuntimeProperties(BaseIntegrationTest.java:132)
	at org.openmrs.test.BaseContextSensitiveTest.<init>(BaseContextSensitiveTest.java:185)
	at org.bahmni.reports.report.integrationtests.BaseIntegrationTest.<init>(BaseIntegrationTest.java:87)
	at org.bahmni.reports.report.GenericObservationReportTest.<init>(GenericObservationReportTest.java:24)

shouldFilterObservationReportWithMaximumRangeFilter(org.bahmni.reports.report.GenericObservationReportTest)  Time elapsed: 0 sec  <<< ERROR!
java.lang.NullPointerException: null
	at org.bahmni.reports.BahmniReportsProperties.getOpenmrsUrl(BahmniReportsProperties.java:63)
	at org.bahmni.reports.report.integrationtests.BaseIntegrationTest.getRuntimeProperties(BaseIntegrationTest.java:132)
	at org.openmrs.test.BaseContextSensitiveTest.<init>(BaseContextSensitiveTest.java:185)
	at org.bahmni.reports.report.integrationtests.BaseIntegrationTest.<init>(BaseIntegrationTest.java:87)
	at org.bahmni.reports.report.GenericObservationReportTest.<init>(GenericObservationReportTest.java:24)

shouldExcludeSpecifiedFromTheVisitInfoColumns(org.bahmni.reports.report.GenericObservationReportTest)  Time elapsed: 0 sec  <<< ERROR!
java.lang.NullPointerException: null
	at org.bahmni.reports.BahmniReportsProperties.getOpenmrsUrl(BahmniReportsProperties.java:63)
	at org.bahmni.reports.report.integrationtests.BaseIntegrationTest.getRuntimeProperties(BaseIntegrationTest.java:132)
	at org.openmrs.test.BaseContextSensitiveTest.<init>(BaseContextSensitiveTest.java:185)
	at org.bahmni.reports.report.integrationtests.BaseIntegrationTest.<init>(BaseIntegrationTest.java:87)
	at org.bahmni.reports.report.GenericObservationReportTest.<init>(GenericObservationReportTest.java:24)

shouldFilterByProgramsAndConceptNameAndLocationTags(org.bahmni.reports.report.GenericObservationReportTest)  Time elapsed: 0 sec  <<< ERROR!
java.lang.NullPointerException: null
	at org.bahmni.reports.BahmniReportsProperties.getOpenmrsUrl(BahmniReportsProperties.java:63)
	at org.bahmni.reports.report.integrationtests.BaseIntegrationTest.getRuntimeProperties(BaseIntegrationTest.java:132)
	at org.openmrs.test.BaseContextSensitiveTest.<init>(BaseContextSensitiveTest.java:185)
	at org.bahmni.reports.report.integrationtests.BaseIntegrationTest.<init>(BaseIntegrationTest.java:87)
	at org.bahmni.reports.report.GenericObservationReportTest.<init>(GenericObservationReportTest.java:24)

shouldShowVisitAttributesIfConfigured(org.bahmni.reports.report.GenericObservationReportTest)  Time elapsed: 0 sec  <<< ERROR!
java.lang.NullPointerException: null
	at org.bahmni.reports.BahmniReportsProperties.getOpenmrsUrl(BahmniReportsProperties.java:63)
	at org.bahmni.reports.report.integrationtests.BaseIntegrationTest.getRuntimeProperties(BaseIntegrationTest.java:132)
	at org.openmrs.test.BaseContextSensitiveTest.<init>(BaseContextSensitiveTest.java:185)
	at org.bahmni.reports.report.integrationtests.BaseIntegrationTest.<init>(BaseIntegrationTest.java:87)
	at org.bahmni.reports.report.GenericObservationReportTest.<init>(GenericObservationReportTest.java:24)

shouldNotShowPatientWithoutObsForTheConceptsSpecified(org.bahmni.reports.report.GenericObservationReportTest)  Time elapsed: 0 sec  <<< ERROR!
java.lang.NullPointerException: null
	at org.bahmni.reports.BahmniReportsProperties.getOpenmrsUrl(BahmniReportsProperties.java:63)
	at org.bahmni.reports.report.integrationtests.BaseIntegrationTest.getRuntimeProperties(BaseIntegrationTest.java:132)
	at org.openmrs.test.BaseContextSensitiveTest.<init>(BaseContextSensitiveTest.java:185)
	at org.bahmni.reports.report.integrationtests.BaseIntegrationTest.<init>(BaseIntegrationTest.java:87)
	at org.bahmni.reports.report.GenericObservationReportTest.<init>(GenericObservationReportTest.java:24)

shouldFilterByConceptClass(org.bahmni.reports.report.GenericObservationReportTest)  Time elapsed: 0 sec  <<< ERROR!
java.lang.NullPointerException: null
	at org.bahmni.reports.BahmniReportsProperties.getOpenmrsUrl(BahmniReportsProperties.java:63)
	at org.bahmni.reports.report.integrationtests.BaseIntegrationTest.getRuntimeProperties(BaseIntegrationTest.java:132)
	at org.openmrs.test.BaseContextSensitiveTest.<init>(BaseContextSensitiveTest.java:185)
	at org.bahmni.reports.report.integrationtests.BaseIntegrationTest.<init>(BaseIntegrationTest.java:87)
	at org.bahmni.reports.report.GenericObservationReportTest.<init>(GenericObservationReportTest.java:24)

shouldFilterByConceptNames(org.bahmni.reports.report.GenericObservationReportTest)  Time elapsed: 0 sec  <<< ERROR!
java.lang.NullPointerException: null
	at org.bahmni.reports.BahmniReportsProperties.getOpenmrsUrl(BahmniReportsProperties.java:63)
	at org.bahmni.reports.report.integrationtests.BaseIntegrationTest.getRuntimeProperties(BaseIntegrationTest.java:132)
	at org.openmrs.test.BaseContextSensitiveTest.<init>(BaseContextSensitiveTest.java:185)
	at org.bahmni.reports.report.integrationtests.BaseIntegrationTest.<init>(BaseIntegrationTest.java:87)
	at org.bahmni.reports.report.GenericObservationReportTest.<init>(GenericObservationReportTest.java:24)

shouldFilterObservationWithRangeAndTextFilter(org.bahmni.reports.report.GenericObservationReportTest)  Time elapsed: 0 sec  <<< ERROR!
java.lang.NullPointerException: null
	at org.bahmni.reports.BahmniReportsProperties.getOpenmrsUrl(BahmniReportsProperties.java:63)
	at org.bahmni.reports.report.integrationtests.BaseIntegrationTest.getRuntimeProperties(BaseIntegrationTest.java:132)
	at org.openmrs.test.BaseContextSensitiveTest.<init>(BaseContextSensitiveTest.java:185)
	at org.bahmni.reports.report.integrationtests.BaseIntegrationTest.<init>(BaseIntegrationTest.java:87)
	at org.bahmni.reports.report.GenericObservationReportTest.<init>(GenericObservationReportTest.java:24)

shouldHaveColumnsProvidedInTheOrderThatTheyHaveConfiguredFromDifferentGroups(org.bahmni.reports.report.GenericObservationReportTest)  Time elapsed: 0 sec  <<< ERROR!
java.lang.NullPointerException: null
	at org.bahmni.reports.BahmniReportsProperties.getOpenmrsUrl(BahmniReportsProperties.java:63)
	at org.bahmni.reports.report.integrationtests.BaseIntegrationTest.getRuntimeProperties(BaseIntegrationTest.java:132)
	at org.openmrs.test.BaseContextSensitiveTest.<init>(BaseContextSensitiveTest.java:185)
	at org.bahmni.reports.report.integrationtests.BaseIntegrationTest.<init>(BaseIntegrationTest.java:87)
	at org.bahmni.reports.report.GenericObservationReportTest.<init>(GenericObservationReportTest.java:24)

shouldFetchAgeGroupColumnIfConfigured(org.bahmni.reports.report.GenericObservationReportTest)  Time elapsed: 0 sec  <<< ERROR!
java.lang.NullPointerException: null
	at org.bahmni.reports.BahmniReportsProperties.getOpenmrsUrl(BahmniReportsProperties.java:63)
	at org.bahmni.reports.report.integrationtests.BaseIntegrationTest.getRuntimeProperties(BaseIntegrationTest.java:132)
	at org.openmrs.test.BaseContextSensitiveTest.<init>(BaseContextSensitiveTest.java:185)
	at org.bahmni.reports.report.integrationtests.BaseIntegrationTest.<init>(BaseIntegrationTest.java:87)
	at org.bahmni.reports.report.GenericObservationReportTest.<init>(GenericObservationReportTest.java:24)

shouldShowPatientAttributesIfConfigured(org.bahmni.reports.report.GenericObservationReportTest)  Time elapsed: 0 sec  <<< ERROR!
java.lang.NullPointerException: null
	at org.bahmni.reports.BahmniReportsProperties.getOpenmrsUrl(BahmniReportsProperties.java:63)
	at org.bahmni.reports.report.integrationtests.BaseIntegrationTest.getRuntimeProperties(BaseIntegrationTest.java:132)
	at org.openmrs.test.BaseContextSensitiveTest.<init>(BaseContextSensitiveTest.java:185)
	at org.bahmni.reports.report.integrationtests.BaseIntegrationTest.<init>(BaseIntegrationTest.java:87)
	at org.bahmni.reports.report.GenericObservationReportTest.<init>(GenericObservationReportTest.java:24)

shouldThrowAnExceptionIfAllColumnsAreExcluded(org.bahmni.reports.report.GenericObservationReportTest)  Time elapsed: 0 sec  <<< ERROR!
java.lang.NullPointerException: null
	at org.bahmni.reports.BahmniReportsProperties.getOpenmrsUrl(BahmniReportsProperties.java:63)
	at org.bahmni.reports.report.integrationtests.BaseIntegrationTest.getRuntimeProperties(BaseIntegrationTest.java:132)
	at org.openmrs.test.BaseContextSensitiveTest.<init>(BaseContextSensitiveTest.java:185)
	at org.bahmni.reports.report.integrationtests.BaseIntegrationTest.<init>(BaseIntegrationTest.java:87)
	at org.bahmni.reports.report.GenericObservationReportTest.<init>(GenericObservationReportTest.java:24)

shouldFilterByProgramsAndConceptNames(org.bahmni.reports.report.GenericObservationReportTest)  Time elapsed: 0 sec  <<< ERROR!
java.lang.NullPointerException: null
	at org.bahmni.reports.BahmniReportsProperties.getOpenmrsUrl(BahmniReportsProperties.java:63)
	at org.bahmni.reports.report.integrationtests.BaseIntegrationTest.getRuntimeProperties(BaseIntegrationTest.java:132)
	at org.openmrs.test.BaseContextSensitiveTest.<init>(BaseContextSensitiveTest.java:185)
	at org.bahmni.reports.report.integrationtests.BaseIntegrationTest.<init>(BaseIntegrationTest.java:87)
	at org.bahmni.reports.report.GenericObservationReportTest.<init>(GenericObservationReportTest.java:24)

shouldFilterByProgramsAndConceptNameAndConceptClassAndLocationTags(org.bahmni.reports.report.GenericObservationReportTest)  Time elapsed: 0 sec  <<< ERROR!
java.lang.NullPointerException: null
	at org.bahmni.reports.BahmniReportsProperties.getOpenmrsUrl(BahmniReportsProperties.java:63)
	at org.bahmni.reports.report.integrationtests.BaseIntegrationTest.getRuntimeProperties(BaseIntegrationTest.java:132)
	at org.openmrs.test.BaseContextSensitiveTest.<init>(BaseContextSensitiveTest.java:185)
	at org.bahmni.reports.report.integrationtests.BaseIntegrationTest.<init>(BaseIntegrationTest.java:87)
	at org.bahmni.reports.report.GenericObservationReportTest.<init>(GenericObservationReportTest.java:24)

shouldThrowExceptionIfOnlySortByIsConfiguredInConfig(org.bahmni.reports.report.GenericObservationReportTest)  Time elapsed: 0 sec  <<< ERROR!
java.lang.NullPointerException: null
	at org.bahmni.reports.BahmniReportsProperties.getOpenmrsUrl(BahmniReportsProperties.java:63)
	at org.bahmni.reports.report.integrationtests.BaseIntegrationTest.getRuntimeProperties(BaseIntegrationTest.java:132)
	at org.openmrs.test.BaseContextSensitiveTest.<init>(BaseContextSensitiveTest.java:185)
	at org.bahmni.reports.report.integrationtests.BaseIntegrationTest.<init>(BaseIntegrationTest.java:87)
	at org.bahmni.reports.report.GenericObservationReportTest.<init>(GenericObservationReportTest.java:24)

shouldSortTheColumnsBasedOnCaseInsensitivityOfColumnNamesAndSortOrderInSortByConfig(org.bahmni.reports.report.GenericObservationReportTest)  Time elapsed: 0 sec  <<< ERROR!
java.lang.NullPointerException: null
	at org.bahmni.reports.BahmniReportsProperties.getOpenmrsUrl(BahmniReportsProperties.java:63)
	at org.bahmni.reports.report.integrationtests.BaseIntegrationTest.getRuntimeProperties(BaseIntegrationTest.java:132)
	at org.openmrs.test.BaseContextSensitiveTest.<init>(BaseContextSensitiveTest.java:185)
	at org.bahmni.reports.report.integrationtests.BaseIntegrationTest.<init>(BaseIntegrationTest.java:87)
	at org.bahmni.reports.report.GenericObservationReportTest.<init>(GenericObservationReportTest.java:24)

shouldShowFullySpecifiedNameOfConceptIfConfiguredInEncounterPerRow(org.bahmni.reports.report.GenericObservationReportTest)  Time elapsed: 0 sec  <<< ERROR!
java.lang.NullPointerException: null
	at org.bahmni.reports.BahmniReportsProperties.getOpenmrsUrl(BahmniReportsProperties.java:63)
	at org.bahmni.reports.report.integrationtests.BaseIntegrationTest.getRuntimeProperties(BaseIntegrationTest.java:132)
	at org.openmrs.test.BaseContextSensitiveTest.<init>(BaseContextSensitiveTest.java:185)
	at org.bahmni.reports.report.integrationtests.BaseIntegrationTest.<init>(BaseIntegrationTest.java:87)
	at org.bahmni.reports.report.GenericObservationReportTest.<init>(GenericObservationReportTest.java:24)

shouldExcludeSpecifiedFromTheDefaultColumns(org.bahmni.reports.report.GenericObservationReportTest)  Time elapsed: 0 sec  <<< ERROR!
java.lang.NullPointerException: null
	at org.bahmni.reports.BahmniReportsProperties.getOpenmrsUrl(BahmniReportsProperties.java:63)
	at org.bahmni.reports.report.integrationtests.BaseIntegrationTest.getRuntimeProperties(BaseIntegrationTest.java:132)
	at org.openmrs.test.BaseContextSensitiveTest.<init>(BaseContextSensitiveTest.java:185)
	at org.bahmni.reports.report.integrationtests.BaseIntegrationTest.<init>(BaseIntegrationTest.java:87)
	at org.bahmni.reports.report.GenericObservationReportTest.<init>(GenericObservationReportTest.java:24)

shouldSortTheColumnsBasedOnTheConfiguration(org.bahmni.reports.report.GenericObservationReportTest)  Time elapsed: 0 sec  <<< ERROR!
java.lang.NullPointerException: null
	at org.bahmni.reports.BahmniReportsProperties.getOpenmrsUrl(BahmniReportsProperties.java:63)
	at org.bahmni.reports.report.integrationtests.BaseIntegrationTest.getRuntimeProperties(BaseIntegrationTest.java:132)
	at org.openmrs.test.BaseContextSensitiveTest.<init>(BaseContextSensitiveTest.java:185)
	at org.bahmni.reports.report.integrationtests.BaseIntegrationTest.<init>(BaseIntegrationTest.java:87)
	at org.bahmni.reports.report.GenericObservationReportTest.<init>(GenericObservationReportTest.java:24)

shouldShowProviderInfoIfConfigured(org.bahmni.reports.report.GenericObservationReportTest)  Time elapsed: 0 sec  <<< ERROR!
java.lang.NullPointerException: null
	at org.bahmni.reports.BahmniReportsProperties.getOpenmrsUrl(BahmniReportsProperties.java:63)
	at org.bahmni.reports.report.integrationtests.BaseIntegrationTest.getRuntimeProperties(BaseIntegrationTest.java:132)
	at org.openmrs.test.BaseContextSensitiveTest.<init>(BaseContextSensitiveTest.java:185)
	at org.bahmni.reports.report.integrationtests.BaseIntegrationTest.<init>(BaseIntegrationTest.java:87)
	at org.bahmni.reports.report.GenericObservationReportTest.<init>(GenericObservationReportTest.java:24)

shouldFilterByPrograms(org.bahmni.reports.report.GenericObservationReportTest)  Time elapsed: 0 sec  <<< ERROR!
java.lang.NullPointerException: null
	at org.bahmni.reports.BahmniReportsProperties.getOpenmrsUrl(BahmniReportsProperties.java:63)
	at org.bahmni.reports.report.integrationtests.BaseIntegrationTest.getRuntimeProperties(BaseIntegrationTest.java:132)
	at org.openmrs.test.BaseContextSensitiveTest.<init>(BaseContextSensitiveTest.java:185)
	at org.bahmni.reports.report.integrationtests.BaseIntegrationTest.<init>(BaseIntegrationTest.java:87)
	at org.bahmni.reports.report.GenericObservationReportTest.<init>(GenericObservationReportTest.java:24)

