-------------------------------------------------------------------------------
Test set: org.bahmni.reports.report.AggregationReportTest
-------------------------------------------------------------------------------
Tests run: 15, Failures: 0, Errors: 15, Skipped: 0, Time elapsed: 1.592 sec <<< FAILURE! - in org.bahmni.reports.report.AggregationReportTest
shouldGivePatientCountOnGroupByAgeAndGender(org.bahmni.reports.report.AggregationReportTest)  Time elapsed: 0.001 sec  <<< ERROR!
java.lang.NullPointerException: null
	at org.bahmni.reports.BahmniReportsProperties.getOpenmrsUrl(BahmniReportsProperties.java:63)
	at org.bahmni.reports.report.integrationtests.BaseIntegrationTest.getRuntimeProperties(BaseIntegrationTest.java:132)
	at org.openmrs.test.BaseContextSensitiveTest.<init>(BaseContextSensitiveTest.java:185)
	at org.bahmni.reports.report.integrationtests.BaseIntegrationTest.<init>(BaseIntegrationTest.java:87)
	at org.bahmni.reports.report.AggregationReportTest.<init>(AggregationReportTest.java:16)

shouldApplyOnlyRowGroupsWhenColumnGroupIsNotConfigured(org.bahmni.reports.report.AggregationReportTest)  Time elapsed: 0 sec  <<< ERROR!
java.lang.NullPointerException: null
	at org.bahmni.reports.BahmniReportsProperties.getOpenmrsUrl(BahmniReportsProperties.java:63)
	at org.bahmni.reports.report.integrationtests.BaseIntegrationTest.getRuntimeProperties(BaseIntegrationTest.java:132)
	at org.openmrs.test.BaseContextSensitiveTest.<init>(BaseContextSensitiveTest.java:185)
	at org.bahmni.reports.report.integrationtests.BaseIntegrationTest.<init>(BaseIntegrationTest.java:87)
	at org.bahmni.reports.report.AggregationReportTest.<init>(AggregationReportTest.java:16)

shouldShowTotalRowAndColumnIfConfigured(org.bahmni.reports.report.AggregationReportTest)  Time elapsed: 0 sec  <<< ERROR!
java.lang.NullPointerException: null
	at org.bahmni.reports.BahmniReportsProperties.getOpenmrsUrl(BahmniReportsProperties.java:63)
	at org.bahmni.reports.report.integrationtests.BaseIntegrationTest.getRuntimeProperties(BaseIntegrationTest.java:132)
	at org.openmrs.test.BaseContextSensitiveTest.<init>(BaseContextSensitiveTest.java:185)
	at org.bahmni.reports.report.integrationtests.BaseIntegrationTest.<init>(BaseIntegrationTest.java:87)
	at org.bahmni.reports.report.AggregationReportTest.<init>(AggregationReportTest.java:16)

shouldFetchAggregateReportForVisitsReport(org.bahmni.reports.report.AggregationReportTest)  Time elapsed: 0 sec  <<< ERROR!
java.lang.NullPointerException: null
	at org.bahmni.reports.BahmniReportsProperties.getOpenmrsUrl(BahmniReportsProperties.java:63)
	at org.bahmni.reports.report.integrationtests.BaseIntegrationTest.getRuntimeProperties(BaseIntegrationTest.java:132)
	at org.openmrs.test.BaseContextSensitiveTest.<init>(BaseContextSensitiveTest.java:185)
	at org.bahmni.reports.report.integrationtests.BaseIntegrationTest.<init>(BaseIntegrationTest.java:87)
	at org.bahmni.reports.report.AggregationReportTest.<init>(AggregationReportTest.java:16)

shouldGivePatientOnGroupByAgeAsRowGroupAndPatientIdAndGenderAsColumnGroupForObsReport(org.bahmni.reports.report.AggregationReportTest)  Time elapsed: 0 sec  <<< ERROR!
java.lang.NullPointerException: null
	at org.bahmni.reports.BahmniReportsProperties.getOpenmrsUrl(BahmniReportsProperties.java:63)
	at org.bahmni.reports.report.integrationtests.BaseIntegrationTest.getRuntimeProperties(BaseIntegrationTest.java:132)
	at org.openmrs.test.BaseContextSensitiveTest.<init>(BaseContextSensitiveTest.java:185)
	at org.bahmni.reports.report.integrationtests.BaseIntegrationTest.<init>(BaseIntegrationTest.java:87)
	at org.bahmni.reports.report.AggregationReportTest.<init>(AggregationReportTest.java:16)

shouldGivePatientOnGroupByAgeAndPatientIdAsRowGroupAndGenderAsColumnGroupForObsReport(org.bahmni.reports.report.AggregationReportTest)  Time elapsed: 0 sec  <<< ERROR!
java.lang.NullPointerException: null
	at org.bahmni.reports.BahmniReportsProperties.getOpenmrsUrl(BahmniReportsProperties.java:63)
	at org.bahmni.reports.report.integrationtests.BaseIntegrationTest.getRuntimeProperties(BaseIntegrationTest.java:132)
	at org.openmrs.test.BaseContextSensitiveTest.<init>(BaseContextSensitiveTest.java:185)
	at org.bahmni.reports.report.integrationtests.BaseIntegrationTest.<init>(BaseIntegrationTest.java:87)
	at org.bahmni.reports.report.AggregationReportTest.<init>(AggregationReportTest.java:16)

aggregationReportForObservationsWithAgeGroup(org.bahmni.reports.report.AggregationReportTest)  Time elapsed: 0 sec  <<< ERROR!
java.lang.NullPointerException: null
	at org.bahmni.reports.BahmniReportsProperties.getOpenmrsUrl(BahmniReportsProperties.java:63)
	at org.bahmni.reports.report.integrationtests.BaseIntegrationTest.getRuntimeProperties(BaseIntegrationTest.java:132)
	at org.openmrs.test.BaseContextSensitiveTest.<init>(BaseContextSensitiveTest.java:185)
	at org.bahmni.reports.report.integrationtests.BaseIntegrationTest.<init>(BaseIntegrationTest.java:87)
	at org.bahmni.reports.report.AggregationReportTest.<init>(AggregationReportTest.java:16)

shouldFetchAggregateReportForProgramsReport(org.bahmni.reports.report.AggregationReportTest)  Time elapsed: 0.001 sec  <<< ERROR!
java.lang.NullPointerException: null
	at org.bahmni.reports.BahmniReportsProperties.getOpenmrsUrl(BahmniReportsProperties.java:63)
	at org.bahmni.reports.report.integrationtests.BaseIntegrationTest.getRuntimeProperties(BaseIntegrationTest.java:132)
	at org.openmrs.test.BaseContextSensitiveTest.<init>(BaseContextSensitiveTest.java:185)
	at org.bahmni.reports.report.integrationtests.BaseIntegrationTest.<init>(BaseIntegrationTest.java:87)
	at org.bahmni.reports.report.AggregationReportTest.<init>(AggregationReportTest.java:16)

aggregationReportForLabOrdersWithAgeGroup(org.bahmni.reports.report.AggregationReportTest)  Time elapsed: 0 sec  <<< ERROR!
java.lang.NullPointerException: null
	at org.bahmni.reports.BahmniReportsProperties.getOpenmrsUrl(BahmniReportsProperties.java:63)
	at org.bahmni.reports.report.integrationtests.BaseIntegrationTest.getRuntimeProperties(BaseIntegrationTest.java:132)
	at org.openmrs.test.BaseContextSensitiveTest.<init>(BaseContextSensitiveTest.java:185)
	at org.bahmni.reports.report.integrationtests.BaseIntegrationTest.<init>(BaseIntegrationTest.java:87)
	at org.bahmni.reports.report.AggregationReportTest.<init>(AggregationReportTest.java:16)

shouldShowTotalRowIfConfigured(org.bahmni.reports.report.AggregationReportTest)  Time elapsed: 0 sec  <<< ERROR!
java.lang.NullPointerException: null
	at org.bahmni.reports.BahmniReportsProperties.getOpenmrsUrl(BahmniReportsProperties.java:63)
	at org.bahmni.reports.report.integrationtests.BaseIntegrationTest.getRuntimeProperties(BaseIntegrationTest.java:132)
	at org.openmrs.test.BaseContextSensitiveTest.<init>(BaseContextSensitiveTest.java:185)
	at org.bahmni.reports.report.integrationtests.BaseIntegrationTest.<init>(BaseIntegrationTest.java:87)
	at org.bahmni.reports.report.AggregationReportTest.<init>(AggregationReportTest.java:16)

shouldShowTotalColumnIfConfigured(org.bahmni.reports.report.AggregationReportTest)  Time elapsed: 0 sec  <<< ERROR!
java.lang.NullPointerException: null
	at org.bahmni.reports.BahmniReportsProperties.getOpenmrsUrl(BahmniReportsProperties.java:63)
	at org.bahmni.reports.report.integrationtests.BaseIntegrationTest.getRuntimeProperties(BaseIntegrationTest.java:132)
	at org.openmrs.test.BaseContextSensitiveTest.<init>(BaseContextSensitiveTest.java:185)
	at org.bahmni.reports.report.integrationtests.BaseIntegrationTest.<init>(BaseIntegrationTest.java:87)
	at org.bahmni.reports.report.AggregationReportTest.<init>(AggregationReportTest.java:16)

aggregationReportForVisitWithAgeGroup(org.bahmni.reports.report.AggregationReportTest)  Time elapsed: 0 sec  <<< ERROR!
java.lang.NullPointerException: null
	at org.bahmni.reports.BahmniReportsProperties.getOpenmrsUrl(BahmniReportsProperties.java:63)
	at org.bahmni.reports.report.integrationtests.BaseIntegrationTest.getRuntimeProperties(BaseIntegrationTest.java:132)
	at org.openmrs.test.BaseContextSensitiveTest.<init>(BaseContextSensitiveTest.java:185)
	at org.bahmni.reports.report.integrationtests.BaseIntegrationTest.<init>(BaseIntegrationTest.java:87)
	at org.bahmni.reports.report.AggregationReportTest.<init>(AggregationReportTest.java:16)

shouldGiveOnlyOnePatientOnGroupByAgeAndGenderForObsReportWhenConceptNameFilterIsAppliedInConfig(org.bahmni.reports.report.AggregationReportTest)  Time elapsed: 0.001 sec  <<< ERROR!
java.lang.NullPointerException: null
	at org.bahmni.reports.BahmniReportsProperties.getOpenmrsUrl(BahmniReportsProperties.java:63)
	at org.bahmni.reports.report.integrationtests.BaseIntegrationTest.getRuntimeProperties(BaseIntegrationTest.java:132)
	at org.openmrs.test.BaseContextSensitiveTest.<init>(BaseContextSensitiveTest.java:185)
	at org.bahmni.reports.report.integrationtests.BaseIntegrationTest.<init>(BaseIntegrationTest.java:87)
	at org.bahmni.reports.report.AggregationReportTest.<init>(AggregationReportTest.java:16)

shouldThrowExceptionWhenRowGroupIsNotConfigured(org.bahmni.reports.report.AggregationReportTest)  Time elapsed: 0 sec  <<< ERROR!
java.lang.NullPointerException: null
	at org.bahmni.reports.BahmniReportsProperties.getOpenmrsUrl(BahmniReportsProperties.java:63)
	at org.bahmni.reports.report.integrationtests.BaseIntegrationTest.getRuntimeProperties(BaseIntegrationTest.java:132)
	at org.openmrs.test.BaseContextSensitiveTest.<init>(BaseContextSensitiveTest.java:185)
	at org.bahmni.reports.report.integrationtests.BaseIntegrationTest.<init>(BaseIntegrationTest.java:87)
	at org.bahmni.reports.report.AggregationReportTest.<init>(AggregationReportTest.java:16)

aggregationReportForProgramsWithAgeGroup(org.bahmni.reports.report.AggregationReportTest)  Time elapsed: 0 sec  <<< ERROR!
java.lang.NullPointerException: null
	at org.bahmni.reports.BahmniReportsProperties.getOpenmrsUrl(BahmniReportsProperties.java:63)
	at org.bahmni.reports.report.integrationtests.BaseIntegrationTest.getRuntimeProperties(BaseIntegrationTest.java:132)
	at org.openmrs.test.BaseContextSensitiveTest.<init>(BaseContextSensitiveTest.java:185)
	at org.bahmni.reports.report.integrationtests.BaseIntegrationTest.<init>(BaseIntegrationTest.java:87)
	at org.bahmni.reports.report.AggregationReportTest.<init>(AggregationReportTest.java:16)

