<?xml version="1.0" encoding="UTF-8"?>
<testsuite name="org.bahmni.reports.report.GenericProgramReportTest" time="0.002" tests="33" errors="33" skipped="0" failures="0">
  <properties>
[...]
</properties>
  <testcase name="shouldExcludeColumnsSpecifedInTheConfig" classname="org.bahmni.reports.report.GenericProgramReportTest" time="0">
    <error type="java.lang.NullPointerException:"><![CDATA[java.lang.NullPointerException: null
	at org.bahmni.reports.BahmniReportsProperties.getOpenmrsUrl(BahmniReportsProperties.java:63)
	at org.bahmni.reports.report.integrationtests.BaseIntegrationTest.getRuntimeProperties(BaseIntegrationTest.java:132)
	at org.openmrs.test.BaseContextSensitiveTest.<init>(BaseContextSensitiveTest.java:185)
	at org.bahmni.reports.report.integrationtests.BaseIntegrationTest.<init>(BaseIntegrationTest.java:87)
	at org.bahmni.reports.report.GenericProgramReportTest.<init>(GenericProgramReportTest.java:13)
]]></error>
    <system-err><![CDATA[java.io.FileNotFoundException: C:\Users\ucc-ian\.bahmni-reports\bahmni-reports-test.properties (The system cannot find the path specified)
	at java.io.FileInputStream.open0(Native Method)
	at java.io.FileInputStream.open(FileInputStream.java:195)
	at java.io.FileInputStream.<init>(FileInputStream.java:138)
	at java.io.FileInputStream.<init>(FileInputStream.java:93)
	at org.bahmni.reports.BahmniReportsProperties.<init>(BahmniReportsProperties.java:25)
	at org.bahmni.reports.BahmniReportsProperties.<init>(BahmniReportsProperties.java:14)
	at org.bahmni.reports.report.integrationtests.BaseIntegrationTest.getRuntimeProperties(BaseIntegrationTest.java:130)
	at org.openmrs.test.BaseContextSensitiveTest.<init>(BaseContextSensitiveTest.java:185)
	at org.bahmni.reports.report.integrationtests.BaseIntegrationTest.<init>(BaseIntegrationTest.java:87)
	at org.bahmni.reports.report.GenericProgramReportTest.<init>(GenericProgramReportTest.java:13)
	at sun.reflect.NativeConstructorAccessorImpl.newInstance0(Native Method)
	at sun.reflect.NativeConstructorAccessorImpl.newInstance(NativeConstructorAccessorImpl.java:62)
	at sun.reflect.DelegatingConstructorAccessorImpl.newInstance(DelegatingConstructorAccessorImpl.java:45)
	at java.lang.reflect.Constructor.newInstance(Constructor.java:423)
	at org.junit.runners.BlockJUnit4ClassRunner.createTest(BlockJUnit4ClassRunner.java:195)
	at org.springframework.test.context.junit4.SpringJUnit4ClassRunner.createTest(SpringJUnit4ClassRunner.java:199)
	at org.springframework.test.context.junit4.SpringJUnit4ClassRunner$1.runReflectiveCall(SpringJUnit4ClassRunner.java:252)
	at org.junit.internal.runners.model.ReflectiveCallable.run(ReflectiveCallable.java:12)
	at org.springframework.test.context.junit4.SpringJUnit4ClassRunner.methodBlock(SpringJUnit4ClassRunner.java:254)
	at org.springframework.test.context.junit4.SpringJUnit4ClassRunner.runChild(SpringJUnit4ClassRunner.java:217)
	at org.springframework.test.context.junit4.SpringJUnit4ClassRunner.runChild(SpringJUnit4ClassRunner.java:83)
	at org.junit.runners.ParentRunner$3.run(ParentRunner.java:238)
	at org.junit.runners.ParentRunner$1.schedule(ParentRunner.java:63)
	at org.junit.runners.ParentRunner.runChildren(ParentRunner.java:236)
	at org.junit.runners.ParentRunner.access$000(ParentRunner.java:53)
	at org.junit.runners.ParentRunner$2.evaluate(ParentRunner.java:229)
	at org.springframework.test.context.junit4.statements.RunBeforeTestClassCallbacks.evaluate(RunBeforeTestClassCallbacks.java:61)
	at org.junit.internal.runners.statements.RunAfters.evaluate(RunAfters.java:27)
	at org.springframework.test.context.junit4.statements.RunAfterTestClassCallbacks.evaluate(RunAfterTestClassCallbacks.java:68)
	at org.junit.runners.ParentRunner.run(ParentRunner.java:309)
	at org.springframework.test.context.junit4.SpringJUnit4ClassRunner.run(SpringJUnit4ClassRunner.java:163)
	at org.apache.maven.surefire.junit4.JUnit4Provider.execute(JUnit4Provider.java:283)
	at org.apache.maven.surefire.junit4.JUnit4Provider.executeWithRerun(JUnit4Provider.java:173)
	at org.apache.maven.surefire.junit4.JUnit4Provider.executeTestSet(JUnit4Provider.java:153)
	at org.apache.maven.surefire.junit4.JUnit4Provider.invoke(JUnit4Provider.java:128)
	at org.apache.maven.surefire.booter.ForkedBooter.invokeProviderInSameClassLoader(ForkedBooter.java:203)
	at org.apache.maven.surefire.booter.ForkedBooter.runSuitesInProcess(ForkedBooter.java:155)
	at org.apache.maven.surefire.booter.ForkedBooter.main(ForkedBooter.java:103)
]]></system-err>
  </testcase>
  <testcase name="shouldIgnoreTheColumnsWhichAreNotPresentInReport" classname="org.bahmni.reports.report.GenericProgramReportTest" time="0">
    <error type="java.lang.NullPointerException:"><![CDATA[java.lang.NullPointerException: null
	at org.bahmni.reports.BahmniReportsProperties.getOpenmrsUrl(BahmniReportsProperties.java:63)
	at org.bahmni.reports.report.integrationtests.BaseIntegrationTest.getRuntimeProperties(BaseIntegrationTest.java:132)
	at org.openmrs.test.BaseContextSensitiveTest.<init>(BaseContextSensitiveTest.java:185)
	at org.bahmni.reports.report.integrationtests.BaseIntegrationTest.<init>(BaseIntegrationTest.java:87)
	at org.bahmni.reports.report.GenericProgramReportTest.<init>(GenericProgramReportTest.java:13)
]]></error>
    <system-err><![CDATA[java.io.FileNotFoundException: C:\Users\ucc-ian\.bahmni-reports\bahmni-reports-test.properties (The system cannot find the path specified)
	at java.io.FileInputStream.open0(Native Method)
	at java.io.FileInputStream.open(FileInputStream.java:195)
	at java.io.FileInputStream.<init>(FileInputStream.java:138)
	at java.io.FileInputStream.<init>(FileInputStream.java:93)
	at org.bahmni.reports.BahmniReportsProperties.<init>(BahmniReportsProperties.java:25)
	at org.bahmni.reports.BahmniReportsProperties.<init>(BahmniReportsProperties.java:14)
	at org.bahmni.reports.report.integrationtests.BaseIntegrationTest.getRuntimeProperties(BaseIntegrationTest.java:130)
	at org.openmrs.test.BaseContextSensitiveTest.<init>(BaseContextSensitiveTest.java:185)
	at org.bahmni.reports.report.integrationtests.BaseIntegrationTest.<init>(BaseIntegrationTest.java:87)
	at org.bahmni.reports.report.GenericProgramReportTest.<init>(GenericProgramReportTest.java:13)
	at sun.reflect.NativeConstructorAccessorImpl.newInstance0(Native Method)
	at sun.reflect.NativeConstructorAccessorImpl.newInstance(NativeConstructorAccessorImpl.java:62)
	at sun.reflect.DelegatingConstructorAccessorImpl.newInstance(DelegatingConstructorAccessorImpl.java:45)
	at java.lang.reflect.Constructor.newInstance(Constructor.java:423)
	at org.junit.runners.BlockJUnit4ClassRunner.createTest(BlockJUnit4ClassRunner.java:195)
	at org.springframework.test.context.junit4.SpringJUnit4ClassRunner.createTest(SpringJUnit4ClassRunner.java:199)
	at org.springframework.test.context.junit4.SpringJUnit4ClassRunner$1.runReflectiveCall(SpringJUnit4ClassRunner.java:252)
	at org.junit.internal.runners.model.ReflectiveCallable.run(ReflectiveCallable.java:12)
	at org.springframework.test.context.junit4.SpringJUnit4ClassRunner.methodBlock(SpringJUnit4ClassRunner.java:254)
	at org.springframework.test.context.junit4.SpringJUnit4ClassRunner.runChild(SpringJUnit4ClassRunner.java:217)
	at org.springframework.test.context.junit4.SpringJUnit4ClassRunner.runChild(SpringJUnit4ClassRunner.java:83)
	at org.junit.runners.ParentRunner$3.run(ParentRunner.java:238)
	at org.junit.runners.ParentRunner$1.schedule(ParentRunner.java:63)
	at org.junit.runners.ParentRunner.runChildren(ParentRunner.java:236)
	at org.junit.runners.ParentRunner.access$000(ParentRunner.java:53)
	at org.junit.runners.ParentRunner$2.evaluate(ParentRunner.java:229)
	at org.springframework.test.context.junit4.statements.RunBeforeTestClassCallbacks.evaluate(RunBeforeTestClassCallbacks.java:61)
	at org.junit.internal.runners.statements.RunAfters.evaluate(RunAfters.java:27)
	at org.springframework.test.context.junit4.statements.RunAfterTestClassCallbacks.evaluate(RunAfterTestClassCallbacks.java:68)
	at org.junit.runners.ParentRunner.run(ParentRunner.java:309)
	at org.springframework.test.context.junit4.SpringJUnit4ClassRunner.run(SpringJUnit4ClassRunner.java:163)
	at org.apache.maven.surefire.junit4.JUnit4Provider.execute(JUnit4Provider.java:283)
	at org.apache.maven.surefire.junit4.JUnit4Provider.executeWithRerun(JUnit4Provider.java:173)
	at org.apache.maven.surefire.junit4.JUnit4Provider.executeTestSet(JUnit4Provider.java:153)
	at org.apache.maven.surefire.junit4.JUnit4Provider.invoke(JUnit4Provider.java:128)
	at org.apache.maven.surefire.booter.ForkedBooter.invokeProviderInSameClassLoader(ForkedBooter.java:203)
	at org.apache.maven.surefire.booter.ForkedBooter.runSuitesInProcess(ForkedBooter.java:155)
	at org.apache.maven.surefire.booter.ForkedBooter.main(ForkedBooter.java:103)
]]></system-err>
  </testcase>
  <testcase name="shouldFetchDataFilteredByConfiguredProgramName" classname="org.bahmni.reports.report.GenericProgramReportTest" time="0">
    <error type="java.lang.NullPointerException:"><![CDATA[java.lang.NullPointerException: null
	at org.bahmni.reports.BahmniReportsProperties.getOpenmrsUrl(BahmniReportsProperties.java:63)
	at org.bahmni.reports.report.integrationtests.BaseIntegrationTest.getRuntimeProperties(BaseIntegrationTest.java:132)
	at org.openmrs.test.BaseContextSensitiveTest.<init>(BaseContextSensitiveTest.java:185)
	at org.bahmni.reports.report.integrationtests.BaseIntegrationTest.<init>(BaseIntegrationTest.java:87)
	at org.bahmni.reports.report.GenericProgramReportTest.<init>(GenericProgramReportTest.java:13)
]]></error>
    <system-err><![CDATA[java.io.FileNotFoundException: C:\Users\ucc-ian\.bahmni-reports\bahmni-reports-test.properties (The system cannot find the path specified)
	at java.io.FileInputStream.open0(Native Method)
	at java.io.FileInputStream.open(FileInputStream.java:195)
	at java.io.FileInputStream.<init>(FileInputStream.java:138)
	at java.io.FileInputStream.<init>(FileInputStream.java:93)
	at org.bahmni.reports.BahmniReportsProperties.<init>(BahmniReportsProperties.java:25)
	at org.bahmni.reports.BahmniReportsProperties.<init>(BahmniReportsProperties.java:14)
	at org.bahmni.reports.report.integrationtests.BaseIntegrationTest.getRuntimeProperties(BaseIntegrationTest.java:130)
	at org.openmrs.test.BaseContextSensitiveTest.<init>(BaseContextSensitiveTest.java:185)
	at org.bahmni.reports.report.integrationtests.BaseIntegrationTest.<init>(BaseIntegrationTest.java:87)
	at org.bahmni.reports.report.GenericProgramReportTest.<init>(GenericProgramReportTest.java:13)
	at sun.reflect.NativeConstructorAccessorImpl.newInstance0(Native Method)
	at sun.reflect.NativeConstructorAccessorImpl.newInstance(NativeConstructorAccessorImpl.java:62)
	at sun.reflect.DelegatingConstructorAccessorImpl.newInstance(DelegatingConstructorAccessorImpl.java:45)
	at java.lang.reflect.Constructor.newInstance(Constructor.java:423)
	at org.junit.runners.BlockJUnit4ClassRunner.createTest(BlockJUnit4ClassRunner.java:195)
	at org.springframework.test.context.junit4.SpringJUnit4ClassRunner.createTest(SpringJUnit4ClassRunner.java:199)
	at org.springframework.test.context.junit4.SpringJUnit4ClassRunner$1.runReflectiveCall(SpringJUnit4ClassRunner.java:252)
	at org.junit.internal.runners.model.ReflectiveCallable.run(ReflectiveCallable.java:12)
	at org.springframework.test.context.junit4.SpringJUnit4ClassRunner.methodBlock(SpringJUnit4ClassRunner.java:254)
	at org.springframework.test.context.junit4.SpringJUnit4ClassRunner.runChild(SpringJUnit4ClassRunner.java:217)
	at org.springframework.test.context.junit4.SpringJUnit4ClassRunner.runChild(SpringJUnit4ClassRunner.java:83)
	at org.junit.runners.ParentRunner$3.run(ParentRunner.java:238)
	at org.junit.runners.ParentRunner$1.schedule(ParentRunner.java:63)
	at org.junit.runners.ParentRunner.runChildren(ParentRunner.java:236)
	at org.junit.runners.ParentRunner.access$000(ParentRunner.java:53)
	at org.junit.runners.ParentRunner$2.evaluate(ParentRunner.java:229)
	at org.springframework.test.context.junit4.statements.RunBeforeTestClassCallbacks.evaluate(RunBeforeTestClassCallbacks.java:61)
	at org.junit.internal.runners.statements.RunAfters.evaluate(RunAfters.java:27)
	at org.springframework.test.context.junit4.statements.RunAfterTestClassCallbacks.evaluate(RunAfterTestClassCallbacks.java:68)
	at org.junit.runners.ParentRunner.run(ParentRunner.java:309)
	at org.springframework.test.context.junit4.SpringJUnit4ClassRunner.run(SpringJUnit4ClassRunner.java:163)
	at org.apache.maven.surefire.junit4.JUnit4Provider.execute(JUnit4Provider.java:283)
	at org.apache.maven.surefire.junit4.JUnit4Provider.executeWithRerun(JUnit4Provider.java:173)
	at org.apache.maven.surefire.junit4.JUnit4Provider.executeTestSet(JUnit4Provider.java:153)
	at org.apache.maven.surefire.junit4.JUnit4Provider.invoke(JUnit4Provider.java:128)
	at org.apache.maven.surefire.booter.ForkedBooter.invokeProviderInSameClassLoader(ForkedBooter.java:203)
	at org.apache.maven.surefire.booter.ForkedBooter.runSuitesInProcess(ForkedBooter.java:155)
	at org.apache.maven.surefire.booter.ForkedBooter.main(ForkedBooter.java:103)
]]></system-err>
  </testcase>
  <testcase name="shouldFetchBasicColumnsIfNoConfigSpecified" classname="org.bahmni.reports.report.GenericProgramReportTest" time="0">
    <error type="java.lang.NullPointerException:"><![CDATA[java.lang.NullPointerException: null
	at org.bahmni.reports.BahmniReportsProperties.getOpenmrsUrl(BahmniReportsProperties.java:63)
	at org.bahmni.reports.report.integrationtests.BaseIntegrationTest.getRuntimeProperties(BaseIntegrationTest.java:132)
	at org.openmrs.test.BaseContextSensitiveTest.<init>(BaseContextSensitiveTest.java:185)
	at org.bahmni.reports.report.integrationtests.BaseIntegrationTest.<init>(BaseIntegrationTest.java:87)
	at org.bahmni.reports.report.GenericProgramReportTest.<init>(GenericProgramReportTest.java:13)
]]></error>
    <system-err><![CDATA[java.io.FileNotFoundException: C:\Users\ucc-ian\.bahmni-reports\bahmni-reports-test.properties (The system cannot find the path specified)
	at java.io.FileInputStream.open0(Native Method)
	at java.io.FileInputStream.open(FileInputStream.java:195)
	at java.io.FileInputStream.<init>(FileInputStream.java:138)
	at java.io.FileInputStream.<init>(FileInputStream.java:93)
	at org.bahmni.reports.BahmniReportsProperties.<init>(BahmniReportsProperties.java:25)
	at org.bahmni.reports.BahmniReportsProperties.<init>(BahmniReportsProperties.java:14)
	at org.bahmni.reports.report.integrationtests.BaseIntegrationTest.getRuntimeProperties(BaseIntegrationTest.java:130)
	at org.openmrs.test.BaseContextSensitiveTest.<init>(BaseContextSensitiveTest.java:185)
	at org.bahmni.reports.report.integrationtests.BaseIntegrationTest.<init>(BaseIntegrationTest.java:87)
	at org.bahmni.reports.report.GenericProgramReportTest.<init>(GenericProgramReportTest.java:13)
	at sun.reflect.NativeConstructorAccessorImpl.newInstance0(Native Method)
	at sun.reflect.NativeConstructorAccessorImpl.newInstance(NativeConstructorAccessorImpl.java:62)
	at sun.reflect.DelegatingConstructorAccessorImpl.newInstance(DelegatingConstructorAccessorImpl.java:45)
	at java.lang.reflect.Constructor.newInstance(Constructor.java:423)
	at org.junit.runners.BlockJUnit4ClassRunner.createTest(BlockJUnit4ClassRunner.java:195)
	at org.springframework.test.context.junit4.SpringJUnit4ClassRunner.createTest(SpringJUnit4ClassRunner.java:199)
	at org.springframework.test.context.junit4.SpringJUnit4ClassRunner$1.runReflectiveCall(SpringJUnit4ClassRunner.java:252)
	at org.junit.internal.runners.model.ReflectiveCallable.run(ReflectiveCallable.java:12)
	at org.springframework.test.context.junit4.SpringJUnit4ClassRunner.methodBlock(SpringJUnit4ClassRunner.java:254)
	at org.springframework.test.context.junit4.SpringJUnit4ClassRunner.runChild(SpringJUnit4ClassRunner.java:217)
	at org.springframework.test.context.junit4.SpringJUnit4ClassRunner.runChild(SpringJUnit4ClassRunner.java:83)
	at org.junit.runners.ParentRunner$3.run(ParentRunner.java:238)
	at org.junit.runners.ParentRunner$1.schedule(ParentRunner.java:63)
	at org.junit.runners.ParentRunner.runChildren(ParentRunner.java:236)
	at org.junit.runners.ParentRunner.access$000(ParentRunner.java:53)
	at org.junit.runners.ParentRunner$2.evaluate(ParentRunner.java:229)
	at org.springframework.test.context.junit4.statements.RunBeforeTestClassCallbacks.evaluate(RunBeforeTestClassCallbacks.java:61)
	at org.junit.internal.runners.statements.RunAfters.evaluate(RunAfters.java:27)
	at org.springframework.test.context.junit4.statements.RunAfterTestClassCallbacks.evaluate(RunAfterTestClassCallbacks.java:68)
	at org.junit.runners.ParentRunner.run(ParentRunner.java:309)
	at org.springframework.test.context.junit4.SpringJUnit4ClassRunner.run(SpringJUnit4ClassRunner.java:163)
	at org.apache.maven.surefire.junit4.JUnit4Provider.execute(JUnit4Provider.java:283)
	at org.apache.maven.surefire.junit4.JUnit4Provider.executeWithRerun(JUnit4Provider.java:173)
	at org.apache.maven.surefire.junit4.JUnit4Provider.executeTestSet(JUnit4Provider.java:153)
	at org.apache.maven.surefire.junit4.JUnit4Provider.invoke(JUnit4Provider.java:128)
	at org.apache.maven.surefire.booter.ForkedBooter.invokeProviderInSameClassLoader(ForkedBooter.java:203)
	at org.apache.maven.surefire.booter.ForkedBooter.runSuitesInProcess(ForkedBooter.java:155)
	at org.apache.maven.surefire.booter.ForkedBooter.main(ForkedBooter.java:103)
]]></system-err>
  </testcase>
  <testcase name="shouldFetchConfiguredProgramAttributes" classname="org.bahmni.reports.report.GenericProgramReportTest" time="0">
    <error type="java.lang.NullPointerException:"><![CDATA[java.lang.NullPointerException: null
	at org.bahmni.reports.BahmniReportsProperties.getOpenmrsUrl(BahmniReportsProperties.java:63)
	at org.bahmni.reports.report.integrationtests.BaseIntegrationTest.getRuntimeProperties(BaseIntegrationTest.java:132)
	at org.openmrs.test.BaseContextSensitiveTest.<init>(BaseContextSensitiveTest.java:185)
	at org.bahmni.reports.report.integrationtests.BaseIntegrationTest.<init>(BaseIntegrationTest.java:87)
	at org.bahmni.reports.report.GenericProgramReportTest.<init>(GenericProgramReportTest.java:13)
]]></error>
    <system-err><![CDATA[java.io.FileNotFoundException: C:\Users\ucc-ian\.bahmni-reports\bahmni-reports-test.properties (The system cannot find the path specified)
	at java.io.FileInputStream.open0(Native Method)
	at java.io.FileInputStream.open(FileInputStream.java:195)
	at java.io.FileInputStream.<init>(FileInputStream.java:138)
	at java.io.FileInputStream.<init>(FileInputStream.java:93)
	at org.bahmni.reports.BahmniReportsProperties.<init>(BahmniReportsProperties.java:25)
	at org.bahmni.reports.BahmniReportsProperties.<init>(BahmniReportsProperties.java:14)
	at org.bahmni.reports.report.integrationtests.BaseIntegrationTest.getRuntimeProperties(BaseIntegrationTest.java:130)
	at org.openmrs.test.BaseContextSensitiveTest.<init>(BaseContextSensitiveTest.java:185)
	at org.bahmni.reports.report.integrationtests.BaseIntegrationTest.<init>(BaseIntegrationTest.java:87)
	at org.bahmni.reports.report.GenericProgramReportTest.<init>(GenericProgramReportTest.java:13)
	at sun.reflect.NativeConstructorAccessorImpl.newInstance0(Native Method)
	at sun.reflect.NativeConstructorAccessorImpl.newInstance(NativeConstructorAccessorImpl.java:62)
	at sun.reflect.DelegatingConstructorAccessorImpl.newInstance(DelegatingConstructorAccessorImpl.java:45)
	at java.lang.reflect.Constructor.newInstance(Constructor.java:423)
	at org.junit.runners.BlockJUnit4ClassRunner.createTest(BlockJUnit4ClassRunner.java:195)
	at org.springframework.test.context.junit4.SpringJUnit4ClassRunner.createTest(SpringJUnit4ClassRunner.java:199)
	at org.springframework.test.context.junit4.SpringJUnit4ClassRunner$1.runReflectiveCall(SpringJUnit4ClassRunner.java:252)
	at org.junit.internal.runners.model.ReflectiveCallable.run(ReflectiveCallable.java:12)
	at org.springframework.test.context.junit4.SpringJUnit4ClassRunner.methodBlock(SpringJUnit4ClassRunner.java:254)
	at org.springframework.test.context.junit4.SpringJUnit4ClassRunner.runChild(SpringJUnit4ClassRunner.java:217)
	at org.springframework.test.context.junit4.SpringJUnit4ClassRunner.runChild(SpringJUnit4ClassRunner.java:83)
	at org.junit.runners.ParentRunner$3.run(ParentRunner.java:238)
	at org.junit.runners.ParentRunner$1.schedule(ParentRunner.java:63)
	at org.junit.runners.ParentRunner.runChildren(ParentRunner.java:236)
	at org.junit.runners.ParentRunner.access$000(ParentRunner.java:53)
	at org.junit.runners.ParentRunner$2.evaluate(ParentRunner.java:229)
	at org.springframework.test.context.junit4.statements.RunBeforeTestClassCallbacks.evaluate(RunBeforeTestClassCallbacks.java:61)
	at org.junit.internal.runners.statements.RunAfters.evaluate(RunAfters.java:27)
	at org.springframework.test.context.junit4.statements.RunAfterTestClassCallbacks.evaluate(RunAfterTestClassCallbacks.java:68)
	at org.junit.runners.ParentRunner.run(ParentRunner.java:309)
	at org.springframework.test.context.junit4.SpringJUnit4ClassRunner.run(SpringJUnit4ClassRunner.java:163)
	at org.apache.maven.surefire.junit4.JUnit4Provider.execute(JUnit4Provider.java:283)
	at org.apache.maven.surefire.junit4.JUnit4Provider.executeWithRerun(JUnit4Provider.java:173)
	at org.apache.maven.surefire.junit4.JUnit4Provider.executeTestSet(JUnit4Provider.java:153)
	at org.apache.maven.surefire.junit4.JUnit4Provider.invoke(JUnit4Provider.java:128)
	at org.apache.maven.surefire.booter.ForkedBooter.invokeProviderInSameClassLoader(ForkedBooter.java:203)
	at org.apache.maven.surefire.booter.ForkedBooter.runSuitesInProcess(ForkedBooter.java:155)
	at org.apache.maven.surefire.booter.ForkedBooter.main(ForkedBooter.java:103)
]]></system-err>
  </testcase>
  <testcase name="shouldNotIncludeExcludedColumnsEvenThoughTheyAreConfiguredInColumnsOrder" classname="org.bahmni.reports.report.GenericProgramReportTest" time="0">
    <error type="java.lang.NullPointerException:"><![CDATA[java.lang.NullPointerException: null
	at org.bahmni.reports.BahmniReportsProperties.getOpenmrsUrl(BahmniReportsProperties.java:63)
	at org.bahmni.reports.report.integrationtests.BaseIntegrationTest.getRuntimeProperties(BaseIntegrationTest.java:132)
	at org.openmrs.test.BaseContextSensitiveTest.<init>(BaseContextSensitiveTest.java:185)
	at org.bahmni.reports.report.integrationtests.BaseIntegrationTest.<init>(BaseIntegrationTest.java:87)
	at org.bahmni.reports.report.GenericProgramReportTest.<init>(GenericProgramReportTest.java:13)
]]></error>
    <system-err><![CDATA[java.io.FileNotFoundException: C:\Users\ucc-ian\.bahmni-reports\bahmni-reports-test.properties (The system cannot find the path specified)
	at java.io.FileInputStream.open0(Native Method)
	at java.io.FileInputStream.open(FileInputStream.java:195)
	at java.io.FileInputStream.<init>(FileInputStream.java:138)
	at java.io.FileInputStream.<init>(FileInputStream.java:93)
	at org.bahmni.reports.BahmniReportsProperties.<init>(BahmniReportsProperties.java:25)
	at org.bahmni.reports.BahmniReportsProperties.<init>(BahmniReportsProperties.java:14)
	at org.bahmni.reports.report.integrationtests.BaseIntegrationTest.getRuntimeProperties(BaseIntegrationTest.java:130)
	at org.openmrs.test.BaseContextSensitiveTest.<init>(BaseContextSensitiveTest.java:185)
	at org.bahmni.reports.report.integrationtests.BaseIntegrationTest.<init>(BaseIntegrationTest.java:87)
	at org.bahmni.reports.report.GenericProgramReportTest.<init>(GenericProgramReportTest.java:13)
	at sun.reflect.NativeConstructorAccessorImpl.newInstance0(Native Method)
	at sun.reflect.NativeConstructorAccessorImpl.newInstance(NativeConstructorAccessorImpl.java:62)
	at sun.reflect.DelegatingConstructorAccessorImpl.newInstance(DelegatingConstructorAccessorImpl.java:45)
	at java.lang.reflect.Constructor.newInstance(Constructor.java:423)
	at org.junit.runners.BlockJUnit4ClassRunner.createTest(BlockJUnit4ClassRunner.java:195)
	at org.springframework.test.context.junit4.SpringJUnit4ClassRunner.createTest(SpringJUnit4ClassRunner.java:199)
	at org.springframework.test.context.junit4.SpringJUnit4ClassRunner$1.runReflectiveCall(SpringJUnit4ClassRunner.java:252)
	at org.junit.internal.runners.model.ReflectiveCallable.run(ReflectiveCallable.java:12)
	at org.springframework.test.context.junit4.SpringJUnit4ClassRunner.methodBlock(SpringJUnit4ClassRunner.java:254)
	at org.springframework.test.context.junit4.SpringJUnit4ClassRunner.runChild(SpringJUnit4ClassRunner.java:217)
	at org.springframework.test.context.junit4.SpringJUnit4ClassRunner.runChild(SpringJUnit4ClassRunner.java:83)
	at org.junit.runners.ParentRunner$3.run(ParentRunner.java:238)
	at org.junit.runners.ParentRunner$1.schedule(ParentRunner.java:63)
	at org.junit.runners.ParentRunner.runChildren(ParentRunner.java:236)
	at org.junit.runners.ParentRunner.access$000(ParentRunner.java:53)
	at org.junit.runners.ParentRunner$2.evaluate(ParentRunner.java:229)
	at org.springframework.test.context.junit4.statements.RunBeforeTestClassCallbacks.evaluate(RunBeforeTestClassCallbacks.java:61)
	at org.junit.internal.runners.statements.RunAfters.evaluate(RunAfters.java:27)
	at org.springframework.test.context.junit4.statements.RunAfterTestClassCallbacks.evaluate(RunAfterTestClassCallbacks.java:68)
	at org.junit.runners.ParentRunner.run(ParentRunner.java:309)
	at org.springframework.test.context.junit4.SpringJUnit4ClassRunner.run(SpringJUnit4ClassRunner.java:163)
	at org.apache.maven.surefire.junit4.JUnit4Provider.execute(JUnit4Provider.java:283)
	at org.apache.maven.surefire.junit4.JUnit4Provider.executeWithRerun(JUnit4Provider.java:173)
	at org.apache.maven.surefire.junit4.JUnit4Provider.executeTestSet(JUnit4Provider.java:153)
	at org.apache.maven.surefire.junit4.JUnit4Provider.invoke(JUnit4Provider.java:128)
	at org.apache.maven.surefire.booter.ForkedBooter.invokeProviderInSameClassLoader(ForkedBooter.java:203)
	at org.apache.maven.surefire.booter.ForkedBooter.runSuitesInProcess(ForkedBooter.java:155)
	at org.apache.maven.surefire.booter.ForkedBooter.main(ForkedBooter.java:103)
]]></system-err>
  </testcase>
  <testcase name="shouldNotThrowErrorIfStartAndEndDatesAreEmpty" classname="org.bahmni.reports.report.GenericProgramReportTest" time="0">
    <error type="java.lang.NullPointerException:"><![CDATA[java.lang.NullPointerException: null
	at org.bahmni.reports.BahmniReportsProperties.getOpenmrsUrl(BahmniReportsProperties.java:63)
	at org.bahmni.reports.report.integrationtests.BaseIntegrationTest.getRuntimeProperties(BaseIntegrationTest.java:132)
	at org.openmrs.test.BaseContextSensitiveTest.<init>(BaseContextSensitiveTest.java:185)
	at org.bahmni.reports.report.integrationtests.BaseIntegrationTest.<init>(BaseIntegrationTest.java:87)
	at org.bahmni.reports.report.GenericProgramReportTest.<init>(GenericProgramReportTest.java:13)
]]></error>
    <system-err><![CDATA[java.io.FileNotFoundException: C:\Users\ucc-ian\.bahmni-reports\bahmni-reports-test.properties (The system cannot find the path specified)
	at java.io.FileInputStream.open0(Native Method)
	at java.io.FileInputStream.open(FileInputStream.java:195)
	at java.io.FileInputStream.<init>(FileInputStream.java:138)
	at java.io.FileInputStream.<init>(FileInputStream.java:93)
	at org.bahmni.reports.BahmniReportsProperties.<init>(BahmniReportsProperties.java:25)
	at org.bahmni.reports.BahmniReportsProperties.<init>(BahmniReportsProperties.java:14)
	at org.bahmni.reports.report.integrationtests.BaseIntegrationTest.getRuntimeProperties(BaseIntegrationTest.java:130)
	at org.openmrs.test.BaseContextSensitiveTest.<init>(BaseContextSensitiveTest.java:185)
	at org.bahmni.reports.report.integrationtests.BaseIntegrationTest.<init>(BaseIntegrationTest.java:87)
	at org.bahmni.reports.report.GenericProgramReportTest.<init>(GenericProgramReportTest.java:13)
	at sun.reflect.NativeConstructorAccessorImpl.newInstance0(Native Method)
	at sun.reflect.NativeConstructorAccessorImpl.newInstance(NativeConstructorAccessorImpl.java:62)
	at sun.reflect.DelegatingConstructorAccessorImpl.newInstance(DelegatingConstructorAccessorImpl.java:45)
	at java.lang.reflect.Constructor.newInstance(Constructor.java:423)
	at org.junit.runners.BlockJUnit4ClassRunner.createTest(BlockJUnit4ClassRunner.java:195)
	at org.springframework.test.context.junit4.SpringJUnit4ClassRunner.createTest(SpringJUnit4ClassRunner.java:199)
	at org.springframework.test.context.junit4.SpringJUnit4ClassRunner$1.runReflectiveCall(SpringJUnit4ClassRunner.java:252)
	at org.junit.internal.runners.model.ReflectiveCallable.run(ReflectiveCallable.java:12)
	at org.springframework.test.context.junit4.SpringJUnit4ClassRunner.methodBlock(SpringJUnit4ClassRunner.java:254)
	at org.springframework.test.context.junit4.SpringJUnit4ClassRunner.runChild(SpringJUnit4ClassRunner.java:217)
	at org.springframework.test.context.junit4.SpringJUnit4ClassRunner.runChild(SpringJUnit4ClassRunner.java:83)
	at org.junit.runners.ParentRunner$3.run(ParentRunner.java:238)
	at org.junit.runners.ParentRunner$1.schedule(ParentRunner.java:63)
	at org.junit.runners.ParentRunner.runChildren(ParentRunner.java:236)
	at org.junit.runners.ParentRunner.access$000(ParentRunner.java:53)
	at org.junit.runners.ParentRunner$2.evaluate(ParentRunner.java:229)
	at org.springframework.test.context.junit4.statements.RunBeforeTestClassCallbacks.evaluate(RunBeforeTestClassCallbacks.java:61)
	at org.junit.internal.runners.statements.RunAfters.evaluate(RunAfters.java:27)
	at org.springframework.test.context.junit4.statements.RunAfterTestClassCallbacks.evaluate(RunAfterTestClassCallbacks.java:68)
	at org.junit.runners.ParentRunner.run(ParentRunner.java:309)
	at org.springframework.test.context.junit4.SpringJUnit4ClassRunner.run(SpringJUnit4ClassRunner.java:163)
	at org.apache.maven.surefire.junit4.JUnit4Provider.execute(JUnit4Provider.java:283)
	at org.apache.maven.surefire.junit4.JUnit4Provider.executeWithRerun(JUnit4Provider.java:173)
	at org.apache.maven.surefire.junit4.JUnit4Provider.executeTestSet(JUnit4Provider.java:153)
	at org.apache.maven.surefire.junit4.JUnit4Provider.invoke(JUnit4Provider.java:128)
	at org.apache.maven.surefire.booter.ForkedBooter.invokeProviderInSameClassLoader(ForkedBooter.java:203)
	at org.apache.maven.surefire.booter.ForkedBooter.runSuitesInProcess(ForkedBooter.java:155)
	at org.apache.maven.surefire.booter.ForkedBooter.main(ForkedBooter.java:103)
]]></system-err>
  </testcase>
  <testcase name="shouldHaveColumnsProvidedInTheOrderThatTheyHaveConfigured" classname="org.bahmni.reports.report.GenericProgramReportTest" time="0">
    <error type="java.lang.NullPointerException:"><![CDATA[java.lang.NullPointerException: null
	at org.bahmni.reports.BahmniReportsProperties.getOpenmrsUrl(BahmniReportsProperties.java:63)
	at org.bahmni.reports.report.integrationtests.BaseIntegrationTest.getRuntimeProperties(BaseIntegrationTest.java:132)
	at org.openmrs.test.BaseContextSensitiveTest.<init>(BaseContextSensitiveTest.java:185)
	at org.bahmni.reports.report.integrationtests.BaseIntegrationTest.<init>(BaseIntegrationTest.java:87)
	at org.bahmni.reports.report.GenericProgramReportTest.<init>(GenericProgramReportTest.java:13)
]]></error>
    <system-err><![CDATA[java.io.FileNotFoundException: C:\Users\ucc-ian\.bahmni-reports\bahmni-reports-test.properties (The system cannot find the path specified)
	at java.io.FileInputStream.open0(Native Method)
	at java.io.FileInputStream.open(FileInputStream.java:195)
	at java.io.FileInputStream.<init>(FileInputStream.java:138)
	at java.io.FileInputStream.<init>(FileInputStream.java:93)
	at org.bahmni.reports.BahmniReportsProperties.<init>(BahmniReportsProperties.java:25)
	at org.bahmni.reports.BahmniReportsProperties.<init>(BahmniReportsProperties.java:14)
	at org.bahmni.reports.report.integrationtests.BaseIntegrationTest.getRuntimeProperties(BaseIntegrationTest.java:130)
	at org.openmrs.test.BaseContextSensitiveTest.<init>(BaseContextSensitiveTest.java:185)
	at org.bahmni.reports.report.integrationtests.BaseIntegrationTest.<init>(BaseIntegrationTest.java:87)
	at org.bahmni.reports.report.GenericProgramReportTest.<init>(GenericProgramReportTest.java:13)
	at sun.reflect.NativeConstructorAccessorImpl.newInstance0(Native Method)
	at sun.reflect.NativeConstructorAccessorImpl.newInstance(NativeConstructorAccessorImpl.java:62)
	at sun.reflect.DelegatingConstructorAccessorImpl.newInstance(DelegatingConstructorAccessorImpl.java:45)
	at java.lang.reflect.Constructor.newInstance(Constructor.java:423)
	at org.junit.runners.BlockJUnit4ClassRunner.createTest(BlockJUnit4ClassRunner.java:195)
	at org.springframework.test.context.junit4.SpringJUnit4ClassRunner.createTest(SpringJUnit4ClassRunner.java:199)
	at org.springframework.test.context.junit4.SpringJUnit4ClassRunner$1.runReflectiveCall(SpringJUnit4ClassRunner.java:252)
	at org.junit.internal.runners.model.ReflectiveCallable.run(ReflectiveCallable.java:12)
	at org.springframework.test.context.junit4.SpringJUnit4ClassRunner.methodBlock(SpringJUnit4ClassRunner.java:254)
	at org.springframework.test.context.junit4.SpringJUnit4ClassRunner.runChild(SpringJUnit4ClassRunner.java:217)
	at org.springframework.test.context.junit4.SpringJUnit4ClassRunner.runChild(SpringJUnit4ClassRunner.java:83)
	at org.junit.runners.ParentRunner$3.run(ParentRunner.java:238)
	at org.junit.runners.ParentRunner$1.schedule(ParentRunner.java:63)
	at org.junit.runners.ParentRunner.runChildren(ParentRunner.java:236)
	at org.junit.runners.ParentRunner.access$000(ParentRunner.java:53)
	at org.junit.runners.ParentRunner$2.evaluate(ParentRunner.java:229)
	at org.springframework.test.context.junit4.statements.RunBeforeTestClassCallbacks.evaluate(RunBeforeTestClassCallbacks.java:61)
	at org.junit.internal.runners.statements.RunAfters.evaluate(RunAfters.java:27)
	at org.springframework.test.context.junit4.statements.RunAfterTestClassCallbacks.evaluate(RunAfterTestClassCallbacks.java:68)
	at org.junit.runners.ParentRunner.run(ParentRunner.java:309)
	at org.springframework.test.context.junit4.SpringJUnit4ClassRunner.run(SpringJUnit4ClassRunner.java:163)
	at org.apache.maven.surefire.junit4.JUnit4Provider.execute(JUnit4Provider.java:283)
	at org.apache.maven.surefire.junit4.JUnit4Provider.executeWithRerun(JUnit4Provider.java:173)
	at org.apache.maven.surefire.junit4.JUnit4Provider.executeTestSet(JUnit4Provider.java:153)
	at org.apache.maven.surefire.junit4.JUnit4Provider.invoke(JUnit4Provider.java:128)
	at org.apache.maven.surefire.booter.ForkedBooter.invokeProviderInSameClassLoader(ForkedBooter.java:203)
	at org.apache.maven.surefire.booter.ForkedBooter.runSuitesInProcess(ForkedBooter.java:155)
	at org.apache.maven.surefire.booter.ForkedBooter.main(ForkedBooter.java:103)
]]></system-err>
  </testcase>
  <testcase name="shouldFetchProgramsEnrolledWithInSpecifiedDateRange" classname="org.bahmni.reports.report.GenericProgramReportTest" time="0">
    <error type="java.lang.NullPointerException:"><![CDATA[java.lang.NullPointerException: null
	at org.bahmni.reports.BahmniReportsProperties.getOpenmrsUrl(BahmniReportsProperties.java:63)
	at org.bahmni.reports.report.integrationtests.BaseIntegrationTest.getRuntimeProperties(BaseIntegrationTest.java:132)
	at org.openmrs.test.BaseContextSensitiveTest.<init>(BaseContextSensitiveTest.java:185)
	at org.bahmni.reports.report.integrationtests.BaseIntegrationTest.<init>(BaseIntegrationTest.java:87)
	at org.bahmni.reports.report.GenericProgramReportTest.<init>(GenericProgramReportTest.java:13)
]]></error>
    <system-err><![CDATA[java.io.FileNotFoundException: C:\Users\ucc-ian\.bahmni-reports\bahmni-reports-test.properties (The system cannot find the path specified)
	at java.io.FileInputStream.open0(Native Method)
	at java.io.FileInputStream.open(FileInputStream.java:195)
	at java.io.FileInputStream.<init>(FileInputStream.java:138)
	at java.io.FileInputStream.<init>(FileInputStream.java:93)
	at org.bahmni.reports.BahmniReportsProperties.<init>(BahmniReportsProperties.java:25)
	at org.bahmni.reports.BahmniReportsProperties.<init>(BahmniReportsProperties.java:14)
	at org.bahmni.reports.report.integrationtests.BaseIntegrationTest.getRuntimeProperties(BaseIntegrationTest.java:130)
	at org.openmrs.test.BaseContextSensitiveTest.<init>(BaseContextSensitiveTest.java:185)
	at org.bahmni.reports.report.integrationtests.BaseIntegrationTest.<init>(BaseIntegrationTest.java:87)
	at org.bahmni.reports.report.GenericProgramReportTest.<init>(GenericProgramReportTest.java:13)
	at sun.reflect.NativeConstructorAccessorImpl.newInstance0(Native Method)
	at sun.reflect.NativeConstructorAccessorImpl.newInstance(NativeConstructorAccessorImpl.java:62)
	at sun.reflect.DelegatingConstructorAccessorImpl.newInstance(DelegatingConstructorAccessorImpl.java:45)
	at java.lang.reflect.Constructor.newInstance(Constructor.java:423)
	at org.junit.runners.BlockJUnit4ClassRunner.createTest(BlockJUnit4ClassRunner.java:195)
	at org.springframework.test.context.junit4.SpringJUnit4ClassRunner.createTest(SpringJUnit4ClassRunner.java:199)
	at org.springframework.test.context.junit4.SpringJUnit4ClassRunner$1.runReflectiveCall(SpringJUnit4ClassRunner.java:252)
	at org.junit.internal.runners.model.ReflectiveCallable.run(ReflectiveCallable.java:12)
	at org.springframework.test.context.junit4.SpringJUnit4ClassRunner.methodBlock(SpringJUnit4ClassRunner.java:254)
	at org.springframework.test.context.junit4.SpringJUnit4ClassRunner.runChild(SpringJUnit4ClassRunner.java:217)
	at org.springframework.test.context.junit4.SpringJUnit4ClassRunner.runChild(SpringJUnit4ClassRunner.java:83)
	at org.junit.runners.ParentRunner$3.run(ParentRunner.java:238)
	at org.junit.runners.ParentRunner$1.schedule(ParentRunner.java:63)
	at org.junit.runners.ParentRunner.runChildren(ParentRunner.java:236)
	at org.junit.runners.ParentRunner.access$000(ParentRunner.java:53)
	at org.junit.runners.ParentRunner$2.evaluate(ParentRunner.java:229)
	at org.springframework.test.context.junit4.statements.RunBeforeTestClassCallbacks.evaluate(RunBeforeTestClassCallbacks.java:61)
	at org.junit.internal.runners.statements.RunAfters.evaluate(RunAfters.java:27)
	at org.springframework.test.context.junit4.statements.RunAfterTestClassCallbacks.evaluate(RunAfterTestClassCallbacks.java:68)
	at org.junit.runners.ParentRunner.run(ParentRunner.java:309)
	at org.springframework.test.context.junit4.SpringJUnit4ClassRunner.run(SpringJUnit4ClassRunner.java:163)
	at org.apache.maven.surefire.junit4.JUnit4Provider.execute(JUnit4Provider.java:283)
	at org.apache.maven.surefire.junit4.JUnit4Provider.executeWithRerun(JUnit4Provider.java:173)
	at org.apache.maven.surefire.junit4.JUnit4Provider.executeTestSet(JUnit4Provider.java:153)
	at org.apache.maven.surefire.junit4.JUnit4Provider.invoke(JUnit4Provider.java:128)
	at org.apache.maven.surefire.booter.ForkedBooter.invokeProviderInSameClassLoader(ForkedBooter.java:203)
	at org.apache.maven.surefire.booter.ForkedBooter.runSuitesInProcess(ForkedBooter.java:155)
	at org.apache.maven.surefire.booter.ForkedBooter.main(ForkedBooter.java:103)
]]></system-err>
  </testcase>
  <testcase name="shouldThrowExceptionIfInvalidColumnIsConfigured" classname="org.bahmni.reports.report.GenericProgramReportTest" time="0">
    <error type="java.lang.NullPointerException:"><![CDATA[java.lang.NullPointerException: null
	at org.bahmni.reports.BahmniReportsProperties.getOpenmrsUrl(BahmniReportsProperties.java:63)
	at org.bahmni.reports.report.integrationtests.BaseIntegrationTest.getRuntimeProperties(BaseIntegrationTest.java:132)
	at org.openmrs.test.BaseContextSensitiveTest.<init>(BaseContextSensitiveTest.java:185)
	at org.bahmni.reports.report.integrationtests.BaseIntegrationTest.<init>(BaseIntegrationTest.java:87)
	at org.bahmni.reports.report.GenericProgramReportTest.<init>(GenericProgramReportTest.java:13)
]]></error>
    <system-err><![CDATA[java.io.FileNotFoundException: C:\Users\ucc-ian\.bahmni-reports\bahmni-reports-test.properties (The system cannot find the path specified)
	at java.io.FileInputStream.open0(Native Method)
	at java.io.FileInputStream.open(FileInputStream.java:195)
	at java.io.FileInputStream.<init>(FileInputStream.java:138)
	at java.io.FileInputStream.<init>(FileInputStream.java:93)
	at org.bahmni.reports.BahmniReportsProperties.<init>(BahmniReportsProperties.java:25)
	at org.bahmni.reports.BahmniReportsProperties.<init>(BahmniReportsProperties.java:14)
	at org.bahmni.reports.report.integrationtests.BaseIntegrationTest.getRuntimeProperties(BaseIntegrationTest.java:130)
	at org.openmrs.test.BaseContextSensitiveTest.<init>(BaseContextSensitiveTest.java:185)
	at org.bahmni.reports.report.integrationtests.BaseIntegrationTest.<init>(BaseIntegrationTest.java:87)
	at org.bahmni.reports.report.GenericProgramReportTest.<init>(GenericProgramReportTest.java:13)
	at sun.reflect.NativeConstructorAccessorImpl.newInstance0(Native Method)
	at sun.reflect.NativeConstructorAccessorImpl.newInstance(NativeConstructorAccessorImpl.java:62)
	at sun.reflect.DelegatingConstructorAccessorImpl.newInstance(DelegatingConstructorAccessorImpl.java:45)
	at java.lang.reflect.Constructor.newInstance(Constructor.java:423)
	at org.junit.runners.BlockJUnit4ClassRunner.createTest(BlockJUnit4ClassRunner.java:195)
	at org.springframework.test.context.junit4.SpringJUnit4ClassRunner.createTest(SpringJUnit4ClassRunner.java:199)
	at org.springframework.test.context.junit4.SpringJUnit4ClassRunner$1.runReflectiveCall(SpringJUnit4ClassRunner.java:252)
	at org.junit.internal.runners.model.ReflectiveCallable.run(ReflectiveCallable.java:12)
	at org.springframework.test.context.junit4.SpringJUnit4ClassRunner.methodBlock(SpringJUnit4ClassRunner.java:254)
	at org.springframework.test.context.junit4.SpringJUnit4ClassRunner.runChild(SpringJUnit4ClassRunner.java:217)
	at org.springframework.test.context.junit4.SpringJUnit4ClassRunner.runChild(SpringJUnit4ClassRunner.java:83)
	at org.junit.runners.ParentRunner$3.run(ParentRunner.java:238)
	at org.junit.runners.ParentRunner$1.schedule(ParentRunner.java:63)
	at org.junit.runners.ParentRunner.runChildren(ParentRunner.java:236)
	at org.junit.runners.ParentRunner.access$000(ParentRunner.java:53)
	at org.junit.runners.ParentRunner$2.evaluate(ParentRunner.java:229)
	at org.springframework.test.context.junit4.statements.RunBeforeTestClassCallbacks.evaluate(RunBeforeTestClassCallbacks.java:61)
	at org.junit.internal.runners.statements.RunAfters.evaluate(RunAfters.java:27)
	at org.springframework.test.context.junit4.statements.RunAfterTestClassCallbacks.evaluate(RunAfterTestClassCallbacks.java:68)
	at org.junit.runners.ParentRunner.run(ParentRunner.java:309)
	at org.springframework.test.context.junit4.SpringJUnit4ClassRunner.run(SpringJUnit4ClassRunner.java:163)
	at org.apache.maven.surefire.junit4.JUnit4Provider.execute(JUnit4Provider.java:283)
	at org.apache.maven.surefire.junit4.JUnit4Provider.executeWithRerun(JUnit4Provider.java:173)
	at org.apache.maven.surefire.junit4.JUnit4Provider.executeTestSet(JUnit4Provider.java:153)
	at org.apache.maven.surefire.junit4.JUnit4Provider.invoke(JUnit4Provider.java:128)
	at org.apache.maven.surefire.booter.ForkedBooter.invokeProviderInSameClassLoader(ForkedBooter.java:203)
	at org.apache.maven.surefire.booter.ForkedBooter.runSuitesInProcess(ForkedBooter.java:155)
	at org.apache.maven.surefire.booter.ForkedBooter.main(ForkedBooter.java:103)
]]></system-err>
  </testcase>
  <testcase name="shouldFetchAllTheStatesForAParticularPatientWhenConfiguredToSeeAll" classname="org.bahmni.reports.report.GenericProgramReportTest" time="0">
    <error type="java.lang.NullPointerException:"><![CDATA[java.lang.NullPointerException: null
	at org.bahmni.reports.BahmniReportsProperties.getOpenmrsUrl(BahmniReportsProperties.java:63)
	at org.bahmni.reports.report.integrationtests.BaseIntegrationTest.getRuntimeProperties(BaseIntegrationTest.java:132)
	at org.openmrs.test.BaseContextSensitiveTest.<init>(BaseContextSensitiveTest.java:185)
	at org.bahmni.reports.report.integrationtests.BaseIntegrationTest.<init>(BaseIntegrationTest.java:87)
	at org.bahmni.reports.report.GenericProgramReportTest.<init>(GenericProgramReportTest.java:13)
]]></error>
    <system-err><![CDATA[java.io.FileNotFoundException: C:\Users\ucc-ian\.bahmni-reports\bahmni-reports-test.properties (The system cannot find the path specified)
	at java.io.FileInputStream.open0(Native Method)
	at java.io.FileInputStream.open(FileInputStream.java:195)
	at java.io.FileInputStream.<init>(FileInputStream.java:138)
	at java.io.FileInputStream.<init>(FileInputStream.java:93)
	at org.bahmni.reports.BahmniReportsProperties.<init>(BahmniReportsProperties.java:25)
	at org.bahmni.reports.BahmniReportsProperties.<init>(BahmniReportsProperties.java:14)
	at org.bahmni.reports.report.integrationtests.BaseIntegrationTest.getRuntimeProperties(BaseIntegrationTest.java:130)
	at org.openmrs.test.BaseContextSensitiveTest.<init>(BaseContextSensitiveTest.java:185)
	at org.bahmni.reports.report.integrationtests.BaseIntegrationTest.<init>(BaseIntegrationTest.java:87)
	at org.bahmni.reports.report.GenericProgramReportTest.<init>(GenericProgramReportTest.java:13)
	at sun.reflect.NativeConstructorAccessorImpl.newInstance0(Native Method)
	at sun.reflect.NativeConstructorAccessorImpl.newInstance(NativeConstructorAccessorImpl.java:62)
	at sun.reflect.DelegatingConstructorAccessorImpl.newInstance(DelegatingConstructorAccessorImpl.java:45)
	at java.lang.reflect.Constructor.newInstance(Constructor.java:423)
	at org.junit.runners.BlockJUnit4ClassRunner.createTest(BlockJUnit4ClassRunner.java:195)
	at org.springframework.test.context.junit4.SpringJUnit4ClassRunner.createTest(SpringJUnit4ClassRunner.java:199)
	at org.springframework.test.context.junit4.SpringJUnit4ClassRunner$1.runReflectiveCall(SpringJUnit4ClassRunner.java:252)
	at org.junit.internal.runners.model.ReflectiveCallable.run(ReflectiveCallable.java:12)
	at org.springframework.test.context.junit4.SpringJUnit4ClassRunner.methodBlock(SpringJUnit4ClassRunner.java:254)
	at org.springframework.test.context.junit4.SpringJUnit4ClassRunner.runChild(SpringJUnit4ClassRunner.java:217)
	at org.springframework.test.context.junit4.SpringJUnit4ClassRunner.runChild(SpringJUnit4ClassRunner.java:83)
	at org.junit.runners.ParentRunner$3.run(ParentRunner.java:238)
	at org.junit.runners.ParentRunner$1.schedule(ParentRunner.java:63)
	at org.junit.runners.ParentRunner.runChildren(ParentRunner.java:236)
	at org.junit.runners.ParentRunner.access$000(ParentRunner.java:53)
	at org.junit.runners.ParentRunner$2.evaluate(ParentRunner.java:229)
	at org.springframework.test.context.junit4.statements.RunBeforeTestClassCallbacks.evaluate(RunBeforeTestClassCallbacks.java:61)
	at org.junit.internal.runners.statements.RunAfters.evaluate(RunAfters.java:27)
	at org.springframework.test.context.junit4.statements.RunAfterTestClassCallbacks.evaluate(RunAfterTestClassCallbacks.java:68)
	at org.junit.runners.ParentRunner.run(ParentRunner.java:309)
	at org.springframework.test.context.junit4.SpringJUnit4ClassRunner.run(SpringJUnit4ClassRunner.java:163)
	at org.apache.maven.surefire.junit4.JUnit4Provider.execute(JUnit4Provider.java:283)
	at org.apache.maven.surefire.junit4.JUnit4Provider.executeWithRerun(JUnit4Provider.java:173)
	at org.apache.maven.surefire.junit4.JUnit4Provider.executeTestSet(JUnit4Provider.java:153)
	at org.apache.maven.surefire.junit4.JUnit4Provider.invoke(JUnit4Provider.java:128)
	at org.apache.maven.surefire.booter.ForkedBooter.invokeProviderInSameClassLoader(ForkedBooter.java:203)
	at org.apache.maven.surefire.booter.ForkedBooter.runSuitesInProcess(ForkedBooter.java:155)
	at org.apache.maven.surefire.booter.ForkedBooter.main(ForkedBooter.java:103)
]]></system-err>
  </testcase>
  <testcase name="shouldFetchConfiguredPatientAddressesAlongWithBasicColumns" classname="org.bahmni.reports.report.GenericProgramReportTest" time="0">
    <error type="java.lang.NullPointerException:"><![CDATA[java.lang.NullPointerException: null
	at org.bahmni.reports.BahmniReportsProperties.getOpenmrsUrl(BahmniReportsProperties.java:63)
	at org.bahmni.reports.report.integrationtests.BaseIntegrationTest.getRuntimeProperties(BaseIntegrationTest.java:132)
	at org.openmrs.test.BaseContextSensitiveTest.<init>(BaseContextSensitiveTest.java:185)
	at org.bahmni.reports.report.integrationtests.BaseIntegrationTest.<init>(BaseIntegrationTest.java:87)
	at org.bahmni.reports.report.GenericProgramReportTest.<init>(GenericProgramReportTest.java:13)
]]></error>
    <system-err><![CDATA[java.io.FileNotFoundException: C:\Users\ucc-ian\.bahmni-reports\bahmni-reports-test.properties (The system cannot find the path specified)
	at java.io.FileInputStream.open0(Native Method)
	at java.io.FileInputStream.open(FileInputStream.java:195)
	at java.io.FileInputStream.<init>(FileInputStream.java:138)
	at java.io.FileInputStream.<init>(FileInputStream.java:93)
	at org.bahmni.reports.BahmniReportsProperties.<init>(BahmniReportsProperties.java:25)
	at org.bahmni.reports.BahmniReportsProperties.<init>(BahmniReportsProperties.java:14)
	at org.bahmni.reports.report.integrationtests.BaseIntegrationTest.getRuntimeProperties(BaseIntegrationTest.java:130)
	at org.openmrs.test.BaseContextSensitiveTest.<init>(BaseContextSensitiveTest.java:185)
	at org.bahmni.reports.report.integrationtests.BaseIntegrationTest.<init>(BaseIntegrationTest.java:87)
	at org.bahmni.reports.report.GenericProgramReportTest.<init>(GenericProgramReportTest.java:13)
	at sun.reflect.NativeConstructorAccessorImpl.newInstance0(Native Method)
	at sun.reflect.NativeConstructorAccessorImpl.newInstance(NativeConstructorAccessorImpl.java:62)
	at sun.reflect.DelegatingConstructorAccessorImpl.newInstance(DelegatingConstructorAccessorImpl.java:45)
	at java.lang.reflect.Constructor.newInstance(Constructor.java:423)
	at org.junit.runners.BlockJUnit4ClassRunner.createTest(BlockJUnit4ClassRunner.java:195)
	at org.springframework.test.context.junit4.SpringJUnit4ClassRunner.createTest(SpringJUnit4ClassRunner.java:199)
	at org.springframework.test.context.junit4.SpringJUnit4ClassRunner$1.runReflectiveCall(SpringJUnit4ClassRunner.java:252)
	at org.junit.internal.runners.model.ReflectiveCallable.run(ReflectiveCallable.java:12)
	at org.springframework.test.context.junit4.SpringJUnit4ClassRunner.methodBlock(SpringJUnit4ClassRunner.java:254)
	at org.springframework.test.context.junit4.SpringJUnit4ClassRunner.runChild(SpringJUnit4ClassRunner.java:217)
	at org.springframework.test.context.junit4.SpringJUnit4ClassRunner.runChild(SpringJUnit4ClassRunner.java:83)
	at org.junit.runners.ParentRunner$3.run(ParentRunner.java:238)
	at org.junit.runners.ParentRunner$1.schedule(ParentRunner.java:63)
	at org.junit.runners.ParentRunner.runChildren(ParentRunner.java:236)
	at org.junit.runners.ParentRunner.access$000(ParentRunner.java:53)
	at org.junit.runners.ParentRunner$2.evaluate(ParentRunner.java:229)
	at org.springframework.test.context.junit4.statements.RunBeforeTestClassCallbacks.evaluate(RunBeforeTestClassCallbacks.java:61)
	at org.junit.internal.runners.statements.RunAfters.evaluate(RunAfters.java:27)
	at org.springframework.test.context.junit4.statements.RunAfterTestClassCallbacks.evaluate(RunAfterTestClassCallbacks.java:68)
	at org.junit.runners.ParentRunner.run(ParentRunner.java:309)
	at org.springframework.test.context.junit4.SpringJUnit4ClassRunner.run(SpringJUnit4ClassRunner.java:163)
	at org.apache.maven.surefire.junit4.JUnit4Provider.execute(JUnit4Provider.java:283)
	at org.apache.maven.surefire.junit4.JUnit4Provider.executeWithRerun(JUnit4Provider.java:173)
	at org.apache.maven.surefire.junit4.JUnit4Provider.executeTestSet(JUnit4Provider.java:153)
	at org.apache.maven.surefire.junit4.JUnit4Provider.invoke(JUnit4Provider.java:128)
	at org.apache.maven.surefire.booter.ForkedBooter.invokeProviderInSameClassLoader(ForkedBooter.java:203)
	at org.apache.maven.surefire.booter.ForkedBooter.runSuitesInProcess(ForkedBooter.java:155)
	at org.apache.maven.surefire.booter.ForkedBooter.main(ForkedBooter.java:103)
]]></system-err>
  </testcase>
  <testcase name="shouldFetchReportWithExtraIdentifiers" classname="org.bahmni.reports.report.GenericProgramReportTest" time="0">
    <error type="java.lang.NullPointerException:"><![CDATA[java.lang.NullPointerException: null
	at org.bahmni.reports.BahmniReportsProperties.getOpenmrsUrl(BahmniReportsProperties.java:63)
	at org.bahmni.reports.report.integrationtests.BaseIntegrationTest.getRuntimeProperties(BaseIntegrationTest.java:132)
	at org.openmrs.test.BaseContextSensitiveTest.<init>(BaseContextSensitiveTest.java:185)
	at org.bahmni.reports.report.integrationtests.BaseIntegrationTest.<init>(BaseIntegrationTest.java:87)
	at org.bahmni.reports.report.GenericProgramReportTest.<init>(GenericProgramReportTest.java:13)
]]></error>
    <system-err><![CDATA[java.io.FileNotFoundException: C:\Users\ucc-ian\.bahmni-reports\bahmni-reports-test.properties (The system cannot find the path specified)
	at java.io.FileInputStream.open0(Native Method)
	at java.io.FileInputStream.open(FileInputStream.java:195)
	at java.io.FileInputStream.<init>(FileInputStream.java:138)
	at java.io.FileInputStream.<init>(FileInputStream.java:93)
	at org.bahmni.reports.BahmniReportsProperties.<init>(BahmniReportsProperties.java:25)
	at org.bahmni.reports.BahmniReportsProperties.<init>(BahmniReportsProperties.java:14)
	at org.bahmni.reports.report.integrationtests.BaseIntegrationTest.getRuntimeProperties(BaseIntegrationTest.java:130)
	at org.openmrs.test.BaseContextSensitiveTest.<init>(BaseContextSensitiveTest.java:185)
	at org.bahmni.reports.report.integrationtests.BaseIntegrationTest.<init>(BaseIntegrationTest.java:87)
	at org.bahmni.reports.report.GenericProgramReportTest.<init>(GenericProgramReportTest.java:13)
	at sun.reflect.NativeConstructorAccessorImpl.newInstance0(Native Method)
	at sun.reflect.NativeConstructorAccessorImpl.newInstance(NativeConstructorAccessorImpl.java:62)
	at sun.reflect.DelegatingConstructorAccessorImpl.newInstance(DelegatingConstructorAccessorImpl.java:45)
	at java.lang.reflect.Constructor.newInstance(Constructor.java:423)
	at org.junit.runners.BlockJUnit4ClassRunner.createTest(BlockJUnit4ClassRunner.java:195)
	at org.springframework.test.context.junit4.SpringJUnit4ClassRunner.createTest(SpringJUnit4ClassRunner.java:199)
	at org.springframework.test.context.junit4.SpringJUnit4ClassRunner$1.runReflectiveCall(SpringJUnit4ClassRunner.java:252)
	at org.junit.internal.runners.model.ReflectiveCallable.run(ReflectiveCallable.java:12)
	at org.springframework.test.context.junit4.SpringJUnit4ClassRunner.methodBlock(SpringJUnit4ClassRunner.java:254)
	at org.springframework.test.context.junit4.SpringJUnit4ClassRunner.runChild(SpringJUnit4ClassRunner.java:217)
	at org.springframework.test.context.junit4.SpringJUnit4ClassRunner.runChild(SpringJUnit4ClassRunner.java:83)
	at org.junit.runners.ParentRunner$3.run(ParentRunner.java:238)
	at org.junit.runners.ParentRunner$1.schedule(ParentRunner.java:63)
	at org.junit.runners.ParentRunner.runChildren(ParentRunner.java:236)
	at org.junit.runners.ParentRunner.access$000(ParentRunner.java:53)
	at org.junit.runners.ParentRunner$2.evaluate(ParentRunner.java:229)
	at org.springframework.test.context.junit4.statements.RunBeforeTestClassCallbacks.evaluate(RunBeforeTestClassCallbacks.java:61)
	at org.junit.internal.runners.statements.RunAfters.evaluate(RunAfters.java:27)
	at org.springframework.test.context.junit4.statements.RunAfterTestClassCallbacks.evaluate(RunAfterTestClassCallbacks.java:68)
	at org.junit.runners.ParentRunner.run(ParentRunner.java:309)
	at org.springframework.test.context.junit4.SpringJUnit4ClassRunner.run(SpringJUnit4ClassRunner.java:163)
	at org.apache.maven.surefire.junit4.JUnit4Provider.execute(JUnit4Provider.java:283)
	at org.apache.maven.surefire.junit4.JUnit4Provider.executeWithRerun(JUnit4Provider.java:173)
	at org.apache.maven.surefire.junit4.JUnit4Provider.executeTestSet(JUnit4Provider.java:153)
	at org.apache.maven.surefire.junit4.JUnit4Provider.invoke(JUnit4Provider.java:128)
	at org.apache.maven.surefire.booter.ForkedBooter.invokeProviderInSameClassLoader(ForkedBooter.java:203)
	at org.apache.maven.surefire.booter.ForkedBooter.runSuitesInProcess(ForkedBooter.java:155)
	at org.apache.maven.surefire.booter.ForkedBooter.main(ForkedBooter.java:103)
]]></system-err>
  </testcase>
  <testcase name="shouldFetchFieldsForDataAnalysisAlongWithBasic" classname="org.bahmni.reports.report.GenericProgramReportTest" time="0">
    <error type="java.lang.NullPointerException:"><![CDATA[java.lang.NullPointerException: null
	at org.bahmni.reports.BahmniReportsProperties.getOpenmrsUrl(BahmniReportsProperties.java:63)
	at org.bahmni.reports.report.integrationtests.BaseIntegrationTest.getRuntimeProperties(BaseIntegrationTest.java:132)
	at org.openmrs.test.BaseContextSensitiveTest.<init>(BaseContextSensitiveTest.java:185)
	at org.bahmni.reports.report.integrationtests.BaseIntegrationTest.<init>(BaseIntegrationTest.java:87)
	at org.bahmni.reports.report.GenericProgramReportTest.<init>(GenericProgramReportTest.java:13)
]]></error>
    <system-err><![CDATA[java.io.FileNotFoundException: C:\Users\ucc-ian\.bahmni-reports\bahmni-reports-test.properties (The system cannot find the path specified)
	at java.io.FileInputStream.open0(Native Method)
	at java.io.FileInputStream.open(FileInputStream.java:195)
	at java.io.FileInputStream.<init>(FileInputStream.java:138)
	at java.io.FileInputStream.<init>(FileInputStream.java:93)
	at org.bahmni.reports.BahmniReportsProperties.<init>(BahmniReportsProperties.java:25)
	at org.bahmni.reports.BahmniReportsProperties.<init>(BahmniReportsProperties.java:14)
	at org.bahmni.reports.report.integrationtests.BaseIntegrationTest.getRuntimeProperties(BaseIntegrationTest.java:130)
	at org.openmrs.test.BaseContextSensitiveTest.<init>(BaseContextSensitiveTest.java:185)
	at org.bahmni.reports.report.integrationtests.BaseIntegrationTest.<init>(BaseIntegrationTest.java:87)
	at org.bahmni.reports.report.GenericProgramReportTest.<init>(GenericProgramReportTest.java:13)
	at sun.reflect.NativeConstructorAccessorImpl.newInstance0(Native Method)
	at sun.reflect.NativeConstructorAccessorImpl.newInstance(NativeConstructorAccessorImpl.java:62)
	at sun.reflect.DelegatingConstructorAccessorImpl.newInstance(DelegatingConstructorAccessorImpl.java:45)
	at java.lang.reflect.Constructor.newInstance(Constructor.java:423)
	at org.junit.runners.BlockJUnit4ClassRunner.createTest(BlockJUnit4ClassRunner.java:195)
	at org.springframework.test.context.junit4.SpringJUnit4ClassRunner.createTest(SpringJUnit4ClassRunner.java:199)
	at org.springframework.test.context.junit4.SpringJUnit4ClassRunner$1.runReflectiveCall(SpringJUnit4ClassRunner.java:252)
	at org.junit.internal.runners.model.ReflectiveCallable.run(ReflectiveCallable.java:12)
	at org.springframework.test.context.junit4.SpringJUnit4ClassRunner.methodBlock(SpringJUnit4ClassRunner.java:254)
	at org.springframework.test.context.junit4.SpringJUnit4ClassRunner.runChild(SpringJUnit4ClassRunner.java:217)
	at org.springframework.test.context.junit4.SpringJUnit4ClassRunner.runChild(SpringJUnit4ClassRunner.java:83)
	at org.junit.runners.ParentRunner$3.run(ParentRunner.java:238)
	at org.junit.runners.ParentRunner$1.schedule(ParentRunner.java:63)
	at org.junit.runners.ParentRunner.runChildren(ParentRunner.java:236)
	at org.junit.runners.ParentRunner.access$000(ParentRunner.java:53)
	at org.junit.runners.ParentRunner$2.evaluate(ParentRunner.java:229)
	at org.springframework.test.context.junit4.statements.RunBeforeTestClassCallbacks.evaluate(RunBeforeTestClassCallbacks.java:61)
	at org.junit.internal.runners.statements.RunAfters.evaluate(RunAfters.java:27)
	at org.springframework.test.context.junit4.statements.RunAfterTestClassCallbacks.evaluate(RunAfterTestClassCallbacks.java:68)
	at org.junit.runners.ParentRunner.run(ParentRunner.java:309)
	at org.springframework.test.context.junit4.SpringJUnit4ClassRunner.run(SpringJUnit4ClassRunner.java:163)
	at org.apache.maven.surefire.junit4.JUnit4Provider.execute(JUnit4Provider.java:283)
	at org.apache.maven.surefire.junit4.JUnit4Provider.executeWithRerun(JUnit4Provider.java:173)
	at org.apache.maven.surefire.junit4.JUnit4Provider.executeTestSet(JUnit4Provider.java:153)
	at org.apache.maven.surefire.junit4.JUnit4Provider.invoke(JUnit4Provider.java:128)
	at org.apache.maven.surefire.booter.ForkedBooter.invokeProviderInSameClassLoader(ForkedBooter.java:203)
	at org.apache.maven.surefire.booter.ForkedBooter.runSuitesInProcess(ForkedBooter.java:155)
	at org.apache.maven.surefire.booter.ForkedBooter.main(ForkedBooter.java:103)
]]></system-err>
  </testcase>
  <testcase name="shouldFetchAllTheDataWithFullConfig" classname="org.bahmni.reports.report.GenericProgramReportTest" time="0">
    <error type="java.lang.NullPointerException:"><![CDATA[java.lang.NullPointerException: null
	at org.bahmni.reports.BahmniReportsProperties.getOpenmrsUrl(BahmniReportsProperties.java:63)
	at org.bahmni.reports.report.integrationtests.BaseIntegrationTest.getRuntimeProperties(BaseIntegrationTest.java:132)
	at org.openmrs.test.BaseContextSensitiveTest.<init>(BaseContextSensitiveTest.java:185)
	at org.bahmni.reports.report.integrationtests.BaseIntegrationTest.<init>(BaseIntegrationTest.java:87)
	at org.bahmni.reports.report.GenericProgramReportTest.<init>(GenericProgramReportTest.java:13)
]]></error>
    <system-err><![CDATA[java.io.FileNotFoundException: C:\Users\ucc-ian\.bahmni-reports\bahmni-reports-test.properties (The system cannot find the path specified)
	at java.io.FileInputStream.open0(Native Method)
	at java.io.FileInputStream.open(FileInputStream.java:195)
	at java.io.FileInputStream.<init>(FileInputStream.java:138)
	at java.io.FileInputStream.<init>(FileInputStream.java:93)
	at org.bahmni.reports.BahmniReportsProperties.<init>(BahmniReportsProperties.java:25)
	at org.bahmni.reports.BahmniReportsProperties.<init>(BahmniReportsProperties.java:14)
	at org.bahmni.reports.report.integrationtests.BaseIntegrationTest.getRuntimeProperties(BaseIntegrationTest.java:130)
	at org.openmrs.test.BaseContextSensitiveTest.<init>(BaseContextSensitiveTest.java:185)
	at org.bahmni.reports.report.integrationtests.BaseIntegrationTest.<init>(BaseIntegrationTest.java:87)
	at org.bahmni.reports.report.GenericProgramReportTest.<init>(GenericProgramReportTest.java:13)
	at sun.reflect.NativeConstructorAccessorImpl.newInstance0(Native Method)
	at sun.reflect.NativeConstructorAccessorImpl.newInstance(NativeConstructorAccessorImpl.java:62)
	at sun.reflect.DelegatingConstructorAccessorImpl.newInstance(DelegatingConstructorAccessorImpl.java:45)
	at java.lang.reflect.Constructor.newInstance(Constructor.java:423)
	at org.junit.runners.BlockJUnit4ClassRunner.createTest(BlockJUnit4ClassRunner.java:195)
	at org.springframework.test.context.junit4.SpringJUnit4ClassRunner.createTest(SpringJUnit4ClassRunner.java:199)
	at org.springframework.test.context.junit4.SpringJUnit4ClassRunner$1.runReflectiveCall(SpringJUnit4ClassRunner.java:252)
	at org.junit.internal.runners.model.ReflectiveCallable.run(ReflectiveCallable.java:12)
	at org.springframework.test.context.junit4.SpringJUnit4ClassRunner.methodBlock(SpringJUnit4ClassRunner.java:254)
	at org.springframework.test.context.junit4.SpringJUnit4ClassRunner.runChild(SpringJUnit4ClassRunner.java:217)
	at org.springframework.test.context.junit4.SpringJUnit4ClassRunner.runChild(SpringJUnit4ClassRunner.java:83)
	at org.junit.runners.ParentRunner$3.run(ParentRunner.java:238)
	at org.junit.runners.ParentRunner$1.schedule(ParentRunner.java:63)
	at org.junit.runners.ParentRunner.runChildren(ParentRunner.java:236)
	at org.junit.runners.ParentRunner.access$000(ParentRunner.java:53)
	at org.junit.runners.ParentRunner$2.evaluate(ParentRunner.java:229)
	at org.springframework.test.context.junit4.statements.RunBeforeTestClassCallbacks.evaluate(RunBeforeTestClassCallbacks.java:61)
	at org.junit.internal.runners.statements.RunAfters.evaluate(RunAfters.java:27)
	at org.springframework.test.context.junit4.statements.RunAfterTestClassCallbacks.evaluate(RunAfterTestClassCallbacks.java:68)
	at org.junit.runners.ParentRunner.run(ParentRunner.java:309)
	at org.springframework.test.context.junit4.SpringJUnit4ClassRunner.run(SpringJUnit4ClassRunner.java:163)
	at org.apache.maven.surefire.junit4.JUnit4Provider.execute(JUnit4Provider.java:283)
	at org.apache.maven.surefire.junit4.JUnit4Provider.executeWithRerun(JUnit4Provider.java:173)
	at org.apache.maven.surefire.junit4.JUnit4Provider.executeTestSet(JUnit4Provider.java:153)
	at org.apache.maven.surefire.junit4.JUnit4Provider.invoke(JUnit4Provider.java:128)
	at org.apache.maven.surefire.booter.ForkedBooter.invokeProviderInSameClassLoader(ForkedBooter.java:203)
	at org.apache.maven.surefire.booter.ForkedBooter.runSuitesInProcess(ForkedBooter.java:155)
	at org.apache.maven.surefire.booter.ForkedBooter.main(ForkedBooter.java:103)
]]></system-err>
  </testcase>
  <testcase name="shouldFetchReportWithOneExtraIdentifiers" classname="org.bahmni.reports.report.GenericProgramReportTest" time="0">
    <error type="java.lang.NullPointerException:"><![CDATA[java.lang.NullPointerException: null
	at org.bahmni.reports.BahmniReportsProperties.getOpenmrsUrl(BahmniReportsProperties.java:63)
	at org.bahmni.reports.report.integrationtests.BaseIntegrationTest.getRuntimeProperties(BaseIntegrationTest.java:132)
	at org.openmrs.test.BaseContextSensitiveTest.<init>(BaseContextSensitiveTest.java:185)
	at org.bahmni.reports.report.integrationtests.BaseIntegrationTest.<init>(BaseIntegrationTest.java:87)
	at org.bahmni.reports.report.GenericProgramReportTest.<init>(GenericProgramReportTest.java:13)
]]></error>
    <system-err><![CDATA[java.io.FileNotFoundException: C:\Users\ucc-ian\.bahmni-reports\bahmni-reports-test.properties (The system cannot find the path specified)
	at java.io.FileInputStream.open0(Native Method)
	at java.io.FileInputStream.open(FileInputStream.java:195)
	at java.io.FileInputStream.<init>(FileInputStream.java:138)
	at java.io.FileInputStream.<init>(FileInputStream.java:93)
	at org.bahmni.reports.BahmniReportsProperties.<init>(BahmniReportsProperties.java:25)
	at org.bahmni.reports.BahmniReportsProperties.<init>(BahmniReportsProperties.java:14)
	at org.bahmni.reports.report.integrationtests.BaseIntegrationTest.getRuntimeProperties(BaseIntegrationTest.java:130)
	at org.openmrs.test.BaseContextSensitiveTest.<init>(BaseContextSensitiveTest.java:185)
	at org.bahmni.reports.report.integrationtests.BaseIntegrationTest.<init>(BaseIntegrationTest.java:87)
	at org.bahmni.reports.report.GenericProgramReportTest.<init>(GenericProgramReportTest.java:13)
	at sun.reflect.NativeConstructorAccessorImpl.newInstance0(Native Method)
	at sun.reflect.NativeConstructorAccessorImpl.newInstance(NativeConstructorAccessorImpl.java:62)
	at sun.reflect.DelegatingConstructorAccessorImpl.newInstance(DelegatingConstructorAccessorImpl.java:45)
	at java.lang.reflect.Constructor.newInstance(Constructor.java:423)
	at org.junit.runners.BlockJUnit4ClassRunner.createTest(BlockJUnit4ClassRunner.java:195)
	at org.springframework.test.context.junit4.SpringJUnit4ClassRunner.createTest(SpringJUnit4ClassRunner.java:199)
	at org.springframework.test.context.junit4.SpringJUnit4ClassRunner$1.runReflectiveCall(SpringJUnit4ClassRunner.java:252)
	at org.junit.internal.runners.model.ReflectiveCallable.run(ReflectiveCallable.java:12)
	at org.springframework.test.context.junit4.SpringJUnit4ClassRunner.methodBlock(SpringJUnit4ClassRunner.java:254)
	at org.springframework.test.context.junit4.SpringJUnit4ClassRunner.runChild(SpringJUnit4ClassRunner.java:217)
	at org.springframework.test.context.junit4.SpringJUnit4ClassRunner.runChild(SpringJUnit4ClassRunner.java:83)
	at org.junit.runners.ParentRunner$3.run(ParentRunner.java:238)
	at org.junit.runners.ParentRunner$1.schedule(ParentRunner.java:63)
	at org.junit.runners.ParentRunner.runChildren(ParentRunner.java:236)
	at org.junit.runners.ParentRunner.access$000(ParentRunner.java:53)
	at org.junit.runners.ParentRunner$2.evaluate(ParentRunner.java:229)
	at org.springframework.test.context.junit4.statements.RunBeforeTestClassCallbacks.evaluate(RunBeforeTestClassCallbacks.java:61)
	at org.junit.internal.runners.statements.RunAfters.evaluate(RunAfters.java:27)
	at org.springframework.test.context.junit4.statements.RunAfterTestClassCallbacks.evaluate(RunAfterTestClassCallbacks.java:68)
	at org.junit.runners.ParentRunner.run(ParentRunner.java:309)
	at org.springframework.test.context.junit4.SpringJUnit4ClassRunner.run(SpringJUnit4ClassRunner.java:163)
	at org.apache.maven.surefire.junit4.JUnit4Provider.execute(JUnit4Provider.java:283)
	at org.apache.maven.surefire.junit4.JUnit4Provider.executeWithRerun(JUnit4Provider.java:173)
	at org.apache.maven.surefire.junit4.JUnit4Provider.executeTestSet(JUnit4Provider.java:153)
	at org.apache.maven.surefire.junit4.JUnit4Provider.invoke(JUnit4Provider.java:128)
	at org.apache.maven.surefire.booter.ForkedBooter.invokeProviderInSameClassLoader(ForkedBooter.java:203)
	at org.apache.maven.surefire.booter.ForkedBooter.runSuitesInProcess(ForkedBooter.java:155)
	at org.apache.maven.surefire.booter.ForkedBooter.main(ForkedBooter.java:103)
]]></system-err>
  </testcase>
  <testcase name="shouldNotFetchPersonAddressesWhenEmptyListIsConfigured" classname="org.bahmni.reports.report.GenericProgramReportTest" time="0">
    <error type="java.lang.NullPointerException:"><![CDATA[java.lang.NullPointerException: null
	at org.bahmni.reports.BahmniReportsProperties.getOpenmrsUrl(BahmniReportsProperties.java:63)
	at org.bahmni.reports.report.integrationtests.BaseIntegrationTest.getRuntimeProperties(BaseIntegrationTest.java:132)
	at org.openmrs.test.BaseContextSensitiveTest.<init>(BaseContextSensitiveTest.java:185)
	at org.bahmni.reports.report.integrationtests.BaseIntegrationTest.<init>(BaseIntegrationTest.java:87)
	at org.bahmni.reports.report.GenericProgramReportTest.<init>(GenericProgramReportTest.java:13)
]]></error>
    <system-err><![CDATA[java.io.FileNotFoundException: C:\Users\ucc-ian\.bahmni-reports\bahmni-reports-test.properties (The system cannot find the path specified)
	at java.io.FileInputStream.open0(Native Method)
	at java.io.FileInputStream.open(FileInputStream.java:195)
	at java.io.FileInputStream.<init>(FileInputStream.java:138)
	at java.io.FileInputStream.<init>(FileInputStream.java:93)
	at org.bahmni.reports.BahmniReportsProperties.<init>(BahmniReportsProperties.java:25)
	at org.bahmni.reports.BahmniReportsProperties.<init>(BahmniReportsProperties.java:14)
	at org.bahmni.reports.report.integrationtests.BaseIntegrationTest.getRuntimeProperties(BaseIntegrationTest.java:130)
	at org.openmrs.test.BaseContextSensitiveTest.<init>(BaseContextSensitiveTest.java:185)
	at org.bahmni.reports.report.integrationtests.BaseIntegrationTest.<init>(BaseIntegrationTest.java:87)
	at org.bahmni.reports.report.GenericProgramReportTest.<init>(GenericProgramReportTest.java:13)
	at sun.reflect.GeneratedConstructorAccessor24.newInstance(Unknown Source)
	at sun.reflect.DelegatingConstructorAccessorImpl.newInstance(DelegatingConstructorAccessorImpl.java:45)
	at java.lang.reflect.Constructor.newInstance(Constructor.java:423)
	at org.junit.runners.BlockJUnit4ClassRunner.createTest(BlockJUnit4ClassRunner.java:195)
	at org.springframework.test.context.junit4.SpringJUnit4ClassRunner.createTest(SpringJUnit4ClassRunner.java:199)
	at org.springframework.test.context.junit4.SpringJUnit4ClassRunner$1.runReflectiveCall(SpringJUnit4ClassRunner.java:252)
	at org.junit.internal.runners.model.ReflectiveCallable.run(ReflectiveCallable.java:12)
	at org.springframework.test.context.junit4.SpringJUnit4ClassRunner.methodBlock(SpringJUnit4ClassRunner.java:254)
	at org.springframework.test.context.junit4.SpringJUnit4ClassRunner.runChild(SpringJUnit4ClassRunner.java:217)
	at org.springframework.test.context.junit4.SpringJUnit4ClassRunner.runChild(SpringJUnit4ClassRunner.java:83)
	at org.junit.runners.ParentRunner$3.run(ParentRunner.java:238)
	at org.junit.runners.ParentRunner$1.schedule(ParentRunner.java:63)
	at org.junit.runners.ParentRunner.runChildren(ParentRunner.java:236)
	at org.junit.runners.ParentRunner.access$000(ParentRunner.java:53)
	at org.junit.runners.ParentRunner$2.evaluate(ParentRunner.java:229)
	at org.springframework.test.context.junit4.statements.RunBeforeTestClassCallbacks.evaluate(RunBeforeTestClassCallbacks.java:61)
	at org.junit.internal.runners.statements.RunAfters.evaluate(RunAfters.java:27)
	at org.springframework.test.context.junit4.statements.RunAfterTestClassCallbacks.evaluate(RunAfterTestClassCallbacks.java:68)
	at org.junit.runners.ParentRunner.run(ParentRunner.java:309)
	at org.springframework.test.context.junit4.SpringJUnit4ClassRunner.run(SpringJUnit4ClassRunner.java:163)
	at org.apache.maven.surefire.junit4.JUnit4Provider.execute(JUnit4Provider.java:283)
	at org.apache.maven.surefire.junit4.JUnit4Provider.executeWithRerun(JUnit4Provider.java:173)
	at org.apache.maven.surefire.junit4.JUnit4Provider.executeTestSet(JUnit4Provider.java:153)
	at org.apache.maven.surefire.junit4.JUnit4Provider.invoke(JUnit4Provider.java:128)
	at org.apache.maven.surefire.booter.ForkedBooter.invokeProviderInSameClassLoader(ForkedBooter.java:203)
	at org.apache.maven.surefire.booter.ForkedBooter.runSuitesInProcess(ForkedBooter.java:155)
	at org.apache.maven.surefire.booter.ForkedBooter.main(ForkedBooter.java:103)
]]></system-err>
  </testcase>
  <testcase name="shouldNotFetchPatientAttributesWhenEmptyListIsConfigured" classname="org.bahmni.reports.report.GenericProgramReportTest" time="0.001">
    <error type="java.lang.NullPointerException:"><![CDATA[java.lang.NullPointerException: null
	at org.bahmni.reports.BahmniReportsProperties.getOpenmrsUrl(BahmniReportsProperties.java:63)
	at org.bahmni.reports.report.integrationtests.BaseIntegrationTest.getRuntimeProperties(BaseIntegrationTest.java:132)
	at org.openmrs.test.BaseContextSensitiveTest.<init>(BaseContextSensitiveTest.java:185)
	at org.bahmni.reports.report.integrationtests.BaseIntegrationTest.<init>(BaseIntegrationTest.java:87)
	at org.bahmni.reports.report.GenericProgramReportTest.<init>(GenericProgramReportTest.java:13)
]]></error>
    <system-err><![CDATA[java.io.FileNotFoundException: C:\Users\ucc-ian\.bahmni-reports\bahmni-reports-test.properties (The system cannot find the path specified)
	at java.io.FileInputStream.open0(Native Method)
	at java.io.FileInputStream.open(FileInputStream.java:195)
	at java.io.FileInputStream.<init>(FileInputStream.java:138)
	at java.io.FileInputStream.<init>(FileInputStream.java:93)
	at org.bahmni.reports.BahmniReportsProperties.<init>(BahmniReportsProperties.java:25)
	at org.bahmni.reports.BahmniReportsProperties.<init>(BahmniReportsProperties.java:14)
	at org.bahmni.reports.report.integrationtests.BaseIntegrationTest.getRuntimeProperties(BaseIntegrationTest.java:130)
	at org.openmrs.test.BaseContextSensitiveTest.<init>(BaseContextSensitiveTest.java:185)
	at org.bahmni.reports.report.integrationtests.BaseIntegrationTest.<init>(BaseIntegrationTest.java:87)
	at org.bahmni.reports.report.GenericProgramReportTest.<init>(GenericProgramReportTest.java:13)
	at sun.reflect.GeneratedConstructorAccessor24.newInstance(Unknown Source)
	at sun.reflect.DelegatingConstructorAccessorImpl.newInstance(DelegatingConstructorAccessorImpl.java:45)
	at java.lang.reflect.Constructor.newInstance(Constructor.java:423)
	at org.junit.runners.BlockJUnit4ClassRunner.createTest(BlockJUnit4ClassRunner.java:195)
	at org.springframework.test.context.junit4.SpringJUnit4ClassRunner.createTest(SpringJUnit4ClassRunner.java:199)
	at org.springframework.test.context.junit4.SpringJUnit4ClassRunner$1.runReflectiveCall(SpringJUnit4ClassRunner.java:252)
	at org.junit.internal.runners.model.ReflectiveCallable.run(ReflectiveCallable.java:12)
	at org.springframework.test.context.junit4.SpringJUnit4ClassRunner.methodBlock(SpringJUnit4ClassRunner.java:254)
	at org.springframework.test.context.junit4.SpringJUnit4ClassRunner.runChild(SpringJUnit4ClassRunner.java:217)
	at org.springframework.test.context.junit4.SpringJUnit4ClassRunner.runChild(SpringJUnit4ClassRunner.java:83)
	at org.junit.runners.ParentRunner$3.run(ParentRunner.java:238)
	at org.junit.runners.ParentRunner$1.schedule(ParentRunner.java:63)
	at org.junit.runners.ParentRunner.runChildren(ParentRunner.java:236)
	at org.junit.runners.ParentRunner.access$000(ParentRunner.java:53)
	at org.junit.runners.ParentRunner$2.evaluate(ParentRunner.java:229)
	at org.springframework.test.context.junit4.statements.RunBeforeTestClassCallbacks.evaluate(RunBeforeTestClassCallbacks.java:61)
	at org.junit.internal.runners.statements.RunAfters.evaluate(RunAfters.java:27)
	at org.springframework.test.context.junit4.statements.RunAfterTestClassCallbacks.evaluate(RunAfterTestClassCallbacks.java:68)
	at org.junit.runners.ParentRunner.run(ParentRunner.java:309)
	at org.springframework.test.context.junit4.SpringJUnit4ClassRunner.run(SpringJUnit4ClassRunner.java:163)
	at org.apache.maven.surefire.junit4.JUnit4Provider.execute(JUnit4Provider.java:283)
	at org.apache.maven.surefire.junit4.JUnit4Provider.executeWithRerun(JUnit4Provider.java:173)
	at org.apache.maven.surefire.junit4.JUnit4Provider.executeTestSet(JUnit4Provider.java:153)
	at org.apache.maven.surefire.junit4.JUnit4Provider.invoke(JUnit4Provider.java:128)
	at org.apache.maven.surefire.booter.ForkedBooter.invokeProviderInSameClassLoader(ForkedBooter.java:203)
	at org.apache.maven.surefire.booter.ForkedBooter.runSuitesInProcess(ForkedBooter.java:155)
	at org.apache.maven.surefire.booter.ForkedBooter.main(ForkedBooter.java:103)
]]></system-err>
  </testcase>
  <testcase name="shouldFetchBasicFieldsWithDataAnalysisFalse" classname="org.bahmni.reports.report.GenericProgramReportTest" time="0">
    <error type="java.lang.NullPointerException:"><![CDATA[java.lang.NullPointerException: null
	at org.bahmni.reports.BahmniReportsProperties.getOpenmrsUrl(BahmniReportsProperties.java:63)
	at org.bahmni.reports.report.integrationtests.BaseIntegrationTest.getRuntimeProperties(BaseIntegrationTest.java:132)
	at org.openmrs.test.BaseContextSensitiveTest.<init>(BaseContextSensitiveTest.java:185)
	at org.bahmni.reports.report.integrationtests.BaseIntegrationTest.<init>(BaseIntegrationTest.java:87)
	at org.bahmni.reports.report.GenericProgramReportTest.<init>(GenericProgramReportTest.java:13)
]]></error>
    <system-err><![CDATA[java.io.FileNotFoundException: C:\Users\ucc-ian\.bahmni-reports\bahmni-reports-test.properties (The system cannot find the path specified)
	at java.io.FileInputStream.open0(Native Method)
	at java.io.FileInputStream.open(FileInputStream.java:195)
	at java.io.FileInputStream.<init>(FileInputStream.java:138)
	at java.io.FileInputStream.<init>(FileInputStream.java:93)
	at org.bahmni.reports.BahmniReportsProperties.<init>(BahmniReportsProperties.java:25)
	at org.bahmni.reports.BahmniReportsProperties.<init>(BahmniReportsProperties.java:14)
	at org.bahmni.reports.report.integrationtests.BaseIntegrationTest.getRuntimeProperties(BaseIntegrationTest.java:130)
	at org.openmrs.test.BaseContextSensitiveTest.<init>(BaseContextSensitiveTest.java:185)
	at org.bahmni.reports.report.integrationtests.BaseIntegrationTest.<init>(BaseIntegrationTest.java:87)
	at org.bahmni.reports.report.GenericProgramReportTest.<init>(GenericProgramReportTest.java:13)
	at sun.reflect.GeneratedConstructorAccessor24.newInstance(Unknown Source)
	at sun.reflect.DelegatingConstructorAccessorImpl.newInstance(DelegatingConstructorAccessorImpl.java:45)
	at java.lang.reflect.Constructor.newInstance(Constructor.java:423)
	at org.junit.runners.BlockJUnit4ClassRunner.createTest(BlockJUnit4ClassRunner.java:195)
	at org.springframework.test.context.junit4.SpringJUnit4ClassRunner.createTest(SpringJUnit4ClassRunner.java:199)
	at org.springframework.test.context.junit4.SpringJUnit4ClassRunner$1.runReflectiveCall(SpringJUnit4ClassRunner.java:252)
[...]
	at org.bahmni.reports.BahmniReportsProperties.<init>(BahmniReportsProperties.java:14)
	at org.bahmni.reports.report.integrationtests.BaseIntegrationTest.getRuntimeProperties(BaseIntegrationTest.java:130)
	at org.openmrs.test.BaseContextSensitiveTest.<init>(BaseContextSensitiveTest.java:185)
	at org.bahmni.reports.report.integrationtests.BaseIntegrationTest.<init>(BaseIntegrationTest.java:87)
	at org.bahmni.reports.report.GenericProgramReportTest.<init>(GenericProgramReportTest.java:13)
	at sun.reflect.GeneratedConstructorAccessor24.newInstance(Unknown Source)
	at sun.reflect.DelegatingConstructorAccessorImpl.newInstance(DelegatingConstructorAccessorImpl.java:45)
	at java.lang.reflect.Constructor.newInstance(Constructor.java:423)
	at org.junit.runners.BlockJUnit4ClassRunner.createTest(BlockJUnit4ClassRunner.java:195)
	at org.springframework.test.context.junit4.SpringJUnit4ClassRunner.createTest(SpringJUnit4ClassRunner.java:199)
	at org.springframework.test.context.junit4.SpringJUnit4ClassRunner$1.runReflectiveCall(SpringJUnit4ClassRunner.java:252)
	at org.junit.internal.runners.model.ReflectiveCallable.run(ReflectiveCallable.java:12)
	at org.springframework.test.context.junit4.SpringJUnit4ClassRunner.methodBlock(SpringJUnit4ClassRunner.java:254)
	at org.springframework.test.context.junit4.SpringJUnit4ClassRunner.runChild(SpringJUnit4ClassRunner.java:217)
	at org.springframework.test.context.junit4.SpringJUnit4ClassRunner.runChild(SpringJUnit4ClassRunner.java:83)
	at org.junit.runners.ParentRunner$3.run(ParentRunner.java:238)
	at org.junit.runners.ParentRunner$1.schedule(ParentRunner.java:63)
	at org.junit.runners.ParentRunner.runChildren(ParentRunner.java:236)
	at org.junit.runners.ParentRunner.access$000(ParentRunner.java:53)
	at org.junit.runners.ParentRunner$2.evaluate(ParentRunner.java:229)
	at org.springframework.test.context.junit4.statements.RunBeforeTestClassCallbacks.evaluate(RunBeforeTestClassCallbacks.java:61)
	at org.junit.internal.runners.statements.RunAfters.evaluate(RunAfters.java:27)
	at org.springframework.test.context.junit4.statements.RunAfterTestClassCallbacks.evaluate(RunAfterTestClassCallbacks.java:68)
	at org.junit.runners.ParentRunner.run(ParentRunner.java:309)
	at org.springframework.test.context.junit4.SpringJUnit4ClassRunner.run(SpringJUnit4ClassRunner.java:163)
	at org.apache.maven.surefire.junit4.JUnit4Provider.execute(JUnit4Provider.java:283)
	at org.apache.maven.surefire.junit4.JUnit4Provider.executeWithRerun(JUnit4Provider.java:173)
	at org.apache.maven.surefire.junit4.JUnit4Provider.executeTestSet(JUnit4Provider.java:153)
	at org.apache.maven.surefire.junit4.JUnit4Provider.invoke(JUnit4Provider.java:128)
	at org.apache.maven.surefire.booter.ForkedBooter.invokeProviderInSameClassLoader(ForkedBooter.java:203)
	at org.apache.maven.surefire.booter.ForkedBooter.runSuitesInProcess(ForkedBooter.java:155)
	at org.apache.maven.surefire.booter.ForkedBooter.main(ForkedBooter.java:103)
]]></system-err>
  </testcase>
  <testcase name="shouldThrowExceptionIfOnlySortByIsConfiguredInConfig" classname="org.bahmni.reports.report.GenericProgramReportTest" time="0">
    <error type="java.lang.NullPointerException:"><![CDATA[java.lang.NullPointerException: null
	at org.bahmni.reports.BahmniReportsProperties.getOpenmrsUrl(BahmniReportsProperties.java:63)
	at org.bahmni.reports.report.integrationtests.BaseIntegrationTest.getRuntimeProperties(BaseIntegrationTest.java:132)
	at org.openmrs.test.BaseContextSensitiveTest.<init>(BaseContextSensitiveTest.java:185)
	at org.bahmni.reports.report.integrationtests.BaseIntegrationTest.<init>(BaseIntegrationTest.java:87)
	at org.bahmni.reports.report.GenericProgramReportTest.<init>(GenericProgramReportTest.java:13)
]]></error>
    <system-err><![CDATA[java.io.FileNotFoundException: C:\Users\ucc-ian\.bahmni-reports\bahmni-reports-test.properties (The system cannot find the path specified)
	at java.io.FileInputStream.open0(Native Method)
	at java.io.FileInputStream.open(FileInputStream.java:195)
	at java.io.FileInputStream.<init>(FileInputStream.java:138)
	at java.io.FileInputStream.<init>(FileInputStream.java:93)
	at org.bahmni.reports.BahmniReportsProperties.<init>(BahmniReportsProperties.java:25)
	at org.bahmni.reports.BahmniReportsProperties.<init>(BahmniReportsProperties.java:14)
	at org.bahmni.reports.report.integrationtests.BaseIntegrationTest.getRuntimeProperties(BaseIntegrationTest.java:130)
	at org.openmrs.test.BaseContextSensitiveTest.<init>(BaseContextSensitiveTest.java:185)
	at org.bahmni.reports.report.integrationtests.BaseIntegrationTest.<init>(BaseIntegrationTest.java:87)
	at org.bahmni.reports.report.GenericProgramReportTest.<init>(GenericProgramReportTest.java:13)
	at sun.reflect.GeneratedConstructorAccessor24.newInstance(Unknown Source)
	at sun.reflect.DelegatingConstructorAccessorImpl.newInstance(DelegatingConstructorAccessorImpl.java:45)
	at java.lang.reflect.Constructor.newInstance(Constructor.java:423)
	at org.junit.runners.BlockJUnit4ClassRunner.createTest(BlockJUnit4ClassRunner.java:195)
	at org.springframework.test.context.junit4.SpringJUnit4ClassRunner.createTest(SpringJUnit4ClassRunner.java:199)
	at org.springframework.test.context.junit4.SpringJUnit4ClassRunner$1.runReflectiveCall(SpringJUnit4ClassRunner.java:252)
	at org.junit.internal.runners.model.ReflectiveCallable.run(ReflectiveCallable.java:12)
	at org.springframework.test.context.junit4.SpringJUnit4ClassRunner.methodBlock(SpringJUnit4ClassRunner.java:254)
	at org.springframework.test.context.junit4.SpringJUnit4ClassRunner.runChild(SpringJUnit4ClassRunner.java:217)
	at org.springframework.test.context.junit4.SpringJUnit4ClassRunner.runChild(SpringJUnit4ClassRunner.java:83)
	at org.junit.runners.ParentRunner$3.run(ParentRunner.java:238)
	at org.junit.runners.ParentRunner$1.schedule(ParentRunner.java:63)
	at org.junit.runners.ParentRunner.runChildren(ParentRunner.java:236)
	at org.junit.runners.ParentRunner.access$000(ParentRunner.java:53)
	at org.junit.runners.ParentRunner$2.evaluate(ParentRunner.java:229)
	at org.springframework.test.context.junit4.statements.RunBeforeTestClassCallbacks.evaluate(RunBeforeTestClassCallbacks.java:61)
	at org.junit.internal.runners.statements.RunAfters.evaluate(RunAfters.java:27)
	at org.springframework.test.context.junit4.statements.RunAfterTestClassCallbacks.evaluate(RunAfterTestClassCallbacks.java:68)
	at org.junit.runners.ParentRunner.run(ParentRunner.java:309)
	at org.springframework.test.context.junit4.SpringJUnit4ClassRunner.run(SpringJUnit4ClassRunner.java:163)
	at org.apache.maven.surefire.junit4.JUnit4Provider.execute(JUnit4Provider.java:283)
	at org.apache.maven.surefire.junit4.JUnit4Provider.executeWithRerun(JUnit4Provider.java:173)
	at org.apache.maven.surefire.junit4.JUnit4Provider.executeTestSet(JUnit4Provider.java:153)
	at org.apache.maven.surefire.junit4.JUnit4Provider.invoke(JUnit4Provider.java:128)
	at org.apache.maven.surefire.booter.ForkedBooter.invokeProviderInSameClassLoader(ForkedBooter.java:203)
	at org.apache.maven.surefire.booter.ForkedBooter.runSuitesInProcess(ForkedBooter.java:155)
	at org.apache.maven.surefire.booter.ForkedBooter.main(ForkedBooter.java:103)
]]></system-err>
  </testcase>
  <testcase name="shouldSortTheColumnsBasedOnCaseInsensitivityOfColumnNamesAndSortOrderInSortByConfig" classname="org.bahmni.reports.report.GenericProgramReportTest" time="0">
    <error type="java.lang.NullPointerException:"><![CDATA[java.lang.NullPointerException: null
	at org.bahmni.reports.BahmniReportsProperties.getOpenmrsUrl(BahmniReportsProperties.java:63)
	at org.bahmni.reports.report.integrationtests.BaseIntegrationTest.getRuntimeProperties(BaseIntegrationTest.java:132)
	at org.openmrs.test.BaseContextSensitiveTest.<init>(BaseContextSensitiveTest.java:185)
	at org.bahmni.reports.report.integrationtests.BaseIntegrationTest.<init>(BaseIntegrationTest.java:87)
	at org.bahmni.reports.report.GenericProgramReportTest.<init>(GenericProgramReportTest.java:13)
]]></error>
    <system-err><![CDATA[java.io.FileNotFoundException: C:\Users\ucc-ian\.bahmni-reports\bahmni-reports-test.properties (The system cannot find the path specified)
	at java.io.FileInputStream.open0(Native Method)
	at java.io.FileInputStream.open(FileInputStream.java:195)
	at java.io.FileInputStream.<init>(FileInputStream.java:138)
	at java.io.FileInputStream.<init>(FileInputStream.java:93)
	at org.bahmni.reports.BahmniReportsProperties.<init>(BahmniReportsProperties.java:25)
	at org.bahmni.reports.BahmniReportsProperties.<init>(BahmniReportsProperties.java:14)
	at org.bahmni.reports.report.integrationtests.BaseIntegrationTest.getRuntimeProperties(BaseIntegrationTest.java:130)
	at org.openmrs.test.BaseContextSensitiveTest.<init>(BaseContextSensitiveTest.java:185)
	at org.bahmni.reports.report.integrationtests.BaseIntegrationTest.<init>(BaseIntegrationTest.java:87)
	at org.bahmni.reports.report.GenericProgramReportTest.<init>(GenericProgramReportTest.java:13)
	at sun.reflect.GeneratedConstructorAccessor24.newInstance(Unknown Source)
	at sun.reflect.DelegatingConstructorAccessorImpl.newInstance(DelegatingConstructorAccessorImpl.java:45)
	at java.lang.reflect.Constructor.newInstance(Constructor.java:423)
	at org.junit.runners.BlockJUnit4ClassRunner.createTest(BlockJUnit4ClassRunner.java:195)
	at org.springframework.test.context.junit4.SpringJUnit4ClassRunner.createTest(SpringJUnit4ClassRunner.java:199)
	at org.springframework.test.context.junit4.SpringJUnit4ClassRunner$1.runReflectiveCall(SpringJUnit4ClassRunner.java:252)
	at org.junit.internal.runners.model.ReflectiveCallable.run(ReflectiveCallable.java:12)
	at org.springframework.test.context.junit4.SpringJUnit4ClassRunner.methodBlock(SpringJUnit4ClassRunner.java:254)
	at org.springframework.test.context.junit4.SpringJUnit4ClassRunner.runChild(SpringJUnit4ClassRunner.java:217)
	at org.springframework.test.context.junit4.SpringJUnit4ClassRunner.runChild(SpringJUnit4ClassRunner.java:83)
	at org.junit.runners.ParentRunner$3.run(ParentRunner.java:238)
	at org.junit.runners.ParentRunner$1.schedule(ParentRunner.java:63)
	at org.junit.runners.ParentRunner.runChildren(ParentRunner.java:236)
	at org.junit.runners.ParentRunner.access$000(ParentRunner.java:53)
	at org.junit.runners.ParentRunner$2.evaluate(ParentRunner.java:229)
	at org.springframework.test.context.junit4.statements.RunBeforeTestClassCallbacks.evaluate(RunBeforeTestClassCallbacks.java:61)
	at org.junit.internal.runners.statements.RunAfters.evaluate(RunAfters.java:27)
	at org.springframework.test.context.junit4.statements.RunAfterTestClassCallbacks.evaluate(RunAfterTestClassCallbacks.java:68)
	at org.junit.runners.ParentRunner.run(ParentRunner.java:309)
	at org.springframework.test.context.junit4.SpringJUnit4ClassRunner.run(SpringJUnit4ClassRunner.java:163)
	at org.apache.maven.surefire.junit4.JUnit4Provider.execute(JUnit4Provider.java:283)
	at org.apache.maven.surefire.junit4.JUnit4Provider.executeWithRerun(JUnit4Provider.java:173)
	at org.apache.maven.surefire.junit4.JUnit4Provider.executeTestSet(JUnit4Provider.java:153)
	at org.apache.maven.surefire.junit4.JUnit4Provider.invoke(JUnit4Provider.java:128)
	at org.apache.maven.surefire.booter.ForkedBooter.invokeProviderInSameClassLoader(ForkedBooter.java:203)
	at org.apache.maven.surefire.booter.ForkedBooter.runSuitesInProcess(ForkedBooter.java:155)
	at org.apache.maven.surefire.booter.ForkedBooter.main(ForkedBooter.java:103)
]]></system-err>
  </testcase>
  <testcase name="shouldFetchConfiguredPatientAttributesAlongWithBasicColumns" classname="org.bahmni.reports.report.GenericProgramReportTest" time="0">
    <error type="java.lang.NullPointerException:"><![CDATA[java.lang.NullPointerException: null
	at org.bahmni.reports.BahmniReportsProperties.getOpenmrsUrl(BahmniReportsProperties.java:63)
	at org.bahmni.reports.report.integrationtests.BaseIntegrationTest.getRuntimeProperties(BaseIntegrationTest.java:132)
	at org.openmrs.test.BaseContextSensitiveTest.<init>(BaseContextSensitiveTest.java:185)
	at org.bahmni.reports.report.integrationtests.BaseIntegrationTest.<init>(BaseIntegrationTest.java:87)
	at org.bahmni.reports.report.GenericProgramReportTest.<init>(GenericProgramReportTest.java:13)
]]></error>
    <system-err><![CDATA[java.io.FileNotFoundException: C:\Users\ucc-ian\.bahmni-reports\bahmni-reports-test.properties (The system cannot find the path specified)
	at java.io.FileInputStream.open0(Native Method)
	at java.io.FileInputStream.open(FileInputStream.java:195)
	at java.io.FileInputStream.<init>(FileInputStream.java:138)
	at java.io.FileInputStream.<init>(FileInputStream.java:93)
	at org.bahmni.reports.BahmniReportsProperties.<init>(BahmniReportsProperties.java:25)
	at org.bahmni.reports.BahmniReportsProperties.<init>(BahmniReportsProperties.java:14)
	at org.bahmni.reports.report.integrationtests.BaseIntegrationTest.getRuntimeProperties(BaseIntegrationTest.java:130)
	at org.openmrs.test.BaseContextSensitiveTest.<init>(BaseContextSensitiveTest.java:185)
	at org.bahmni.reports.report.integrationtests.BaseIntegrationTest.<init>(BaseIntegrationTest.java:87)
	at org.bahmni.reports.report.GenericProgramReportTest.<init>(GenericProgramReportTest.java:13)
	at sun.reflect.GeneratedConstructorAccessor24.newInstance(Unknown Source)
	at sun.reflect.DelegatingConstructorAccessorImpl.newInstance(DelegatingConstructorAccessorImpl.java:45)
	at java.lang.reflect.Constructor.newInstance(Constructor.java:423)
	at org.junit.runners.BlockJUnit4ClassRunner.createTest(BlockJUnit4ClassRunner.java:195)
	at org.springframework.test.context.junit4.SpringJUnit4ClassRunner.createTest(SpringJUnit4ClassRunner.java:199)
	at org.springframework.test.context.junit4.SpringJUnit4ClassRunner$1.runReflectiveCall(SpringJUnit4ClassRunner.java:252)
	at org.junit.internal.runners.model.ReflectiveCallable.run(ReflectiveCallable.java:12)
	at org.springframework.test.context.junit4.SpringJUnit4ClassRunner.methodBlock(SpringJUnit4ClassRunner.java:254)
	at org.springframework.test.context.junit4.SpringJUnit4ClassRunner.runChild(SpringJUnit4ClassRunner.java:217)
	at org.springframework.test.context.junit4.SpringJUnit4ClassRunner.runChild(SpringJUnit4ClassRunner.java:83)
	at org.junit.runners.ParentRunner$3.run(ParentRunner.java:238)
	at org.junit.runners.ParentRunner$1.schedule(ParentRunner.java:63)
	at org.junit.runners.ParentRunner.runChildren(ParentRunner.java:236)
	at org.junit.runners.ParentRunner.access$000(ParentRunner.java:53)
	at org.junit.runners.ParentRunner$2.evaluate(ParentRunner.java:229)
	at org.springframework.test.context.junit4.statements.RunBeforeTestClassCallbacks.evaluate(RunBeforeTestClassCallbacks.java:61)
	at org.junit.internal.runners.statements.RunAfters.evaluate(RunAfters.java:27)
	at org.springframework.test.context.junit4.statements.RunAfterTestClassCallbacks.evaluate(RunAfterTestClassCallbacks.java:68)
	at org.junit.runners.ParentRunner.run(ParentRunner.java:309)
	at org.springframework.test.context.junit4.SpringJUnit4ClassRunner.run(SpringJUnit4ClassRunner.java:163)
	at org.apache.maven.surefire.junit4.JUnit4Provider.execute(JUnit4Provider.java:283)
	at org.apache.maven.surefire.junit4.JUnit4Provider.executeWithRerun(JUnit4Provider.java:173)
	at org.apache.maven.surefire.junit4.JUnit4Provider.executeTestSet(JUnit4Provider.java:153)
	at org.apache.maven.surefire.junit4.JUnit4Provider.invoke(JUnit4Provider.java:128)
	at org.apache.maven.surefire.booter.ForkedBooter.invokeProviderInSameClassLoader(ForkedBooter.java:203)
	at org.apache.maven.surefire.booter.ForkedBooter.runSuitesInProcess(ForkedBooter.java:155)
	at org.apache.maven.surefire.booter.ForkedBooter.main(ForkedBooter.java:103)
]]></system-err>
  </testcase>
  <testcase name="shouldSortTheColumnsBasedOnTheConfiguration" classname="org.bahmni.reports.report.GenericProgramReportTest" time="0">
    <error type="java.lang.NullPointerException:"><![CDATA[java.lang.NullPointerException: null
	at org.bahmni.reports.BahmniReportsProperties.getOpenmrsUrl(BahmniReportsProperties.java:63)
	at org.bahmni.reports.report.integrationtests.BaseIntegrationTest.getRuntimeProperties(BaseIntegrationTest.java:132)
	at org.openmrs.test.BaseContextSensitiveTest.<init>(BaseContextSensitiveTest.java:185)
	at org.bahmni.reports.report.integrationtests.BaseIntegrationTest.<init>(BaseIntegrationTest.java:87)
	at org.bahmni.reports.report.GenericProgramReportTest.<init>(GenericProgramReportTest.java:13)
]]></error>
    <system-err><![CDATA[java.io.FileNotFoundException: C:\Users\ucc-ian\.bahmni-reports\bahmni-reports-test.properties (The system cannot find the path specified)
	at java.io.FileInputStream.open0(Native Method)
	at java.io.FileInputStream.open(FileInputStream.java:195)
	at java.io.FileInputStream.<init>(FileInputStream.java:138)
	at java.io.FileInputStream.<init>(FileInputStream.java:93)
	at org.bahmni.reports.BahmniReportsProperties.<init>(BahmniReportsProperties.java:25)
	at org.bahmni.reports.BahmniReportsProperties.<init>(BahmniReportsProperties.java:14)
	at org.bahmni.reports.report.integrationtests.BaseIntegrationTest.getRuntimeProperties(BaseIntegrationTest.java:130)
	at org.openmrs.test.BaseContextSensitiveTest.<init>(BaseContextSensitiveTest.java:185)
	at org.bahmni.reports.report.integrationtests.BaseIntegrationTest.<init>(BaseIntegrationTest.java:87)
	at org.bahmni.reports.report.GenericProgramReportTest.<init>(GenericProgramReportTest.java:13)
	at sun.reflect.GeneratedConstructorAccessor24.newInstance(Unknown Source)
	at sun.reflect.DelegatingConstructorAccessorImpl.newInstance(DelegatingConstructorAccessorImpl.java:45)
	at java.lang.reflect.Constructor.newInstance(Constructor.java:423)
	at org.junit.runners.BlockJUnit4ClassRunner.createTest(BlockJUnit4ClassRunner.java:195)
	at org.springframework.test.context.junit4.SpringJUnit4ClassRunner.createTest(SpringJUnit4ClassRunner.java:199)
	at org.springframework.test.context.junit4.SpringJUnit4ClassRunner$1.runReflectiveCall(SpringJUnit4ClassRunner.java:252)
	at org.junit.internal.runners.model.ReflectiveCallable.run(ReflectiveCallable.java:12)
	at org.springframework.test.context.junit4.SpringJUnit4ClassRunner.methodBlock(SpringJUnit4ClassRunner.java:254)
	at org.springframework.test.context.junit4.SpringJUnit4ClassRunner.runChild(SpringJUnit4ClassRunner.java:217)
	at org.springframework.test.context.junit4.SpringJUnit4ClassRunner.runChild(SpringJUnit4ClassRunner.java:83)
	at org.junit.runners.ParentRunner$3.run(ParentRunner.java:238)
	at org.junit.runners.ParentRunner$1.schedule(ParentRunner.java:63)
	at org.junit.runners.ParentRunner.runChildren(ParentRunner.java:236)
	at org.junit.runners.ParentRunner.access$000(ParentRunner.java:53)
	at org.junit.runners.ParentRunner$2.evaluate(ParentRunner.java:229)
	at org.springframework.test.context.junit4.statements.RunBeforeTestClassCallbacks.evaluate(RunBeforeTestClassCallbacks.java:61)
	at org.junit.internal.runners.statements.RunAfters.evaluate(RunAfters.java:27)
	at org.springframework.test.context.junit4.statements.RunAfterTestClassCallbacks.evaluate(RunAfterTestClassCallbacks.java:68)
	at org.junit.runners.ParentRunner.run(ParentRunner.java:309)
	at org.springframework.test.context.junit4.SpringJUnit4ClassRunner.run(SpringJUnit4ClassRunner.java:163)
	at org.apache.maven.surefire.junit4.JUnit4Provider.execute(JUnit4Provider.java:283)
	at org.apache.maven.surefire.junit4.JUnit4Provider.executeWithRerun(JUnit4Provider.java:173)
	at org.apache.maven.surefire.junit4.JUnit4Provider.executeTestSet(JUnit4Provider.java:153)
	at org.apache.maven.surefire.junit4.JUnit4Provider.invoke(JUnit4Provider.java:128)
	at org.apache.maven.surefire.booter.ForkedBooter.invokeProviderInSameClassLoader(ForkedBooter.java:203)
	at org.apache.maven.surefire.booter.ForkedBooter.runSuitesInProcess(ForkedBooter.java:155)
	at org.apache.maven.surefire.booter.ForkedBooter.main(ForkedBooter.java:103)
]]></system-err>
  </testcase>
</testsuite>